Bat2;8.3900003433228;1618073691.3700032
Alt;4.0;1618073691.3700032
GAlt;220.10000610352;1618073691.371997
GSpd;0.0;1618073691.375986
Hdg;220.17001342773;1618073691.3769813
ch1;-1024.0;1618073691.3779783
ch2;-1024.0;1618073691.379973
ch3;-1024.0;1618073691.3809705
ch4;-1024.0;1618073691.3829653
RSSI;73.0;1618073691.3839633
Roll;4.0;1618073691.3859577
Ptch;0.0;1618073691.39593
GPS;[0.91331745, 0.4391192333333334];1618073691.3969386
Curr;0.0;1618073691.397925
AccX;0.010000000707805;1618073691.4148805
AccY;0.080000005662441;1618073691.4208677
AccZ;1.0;1618073691.4218957
dPrs;-15.0;1618073691.4228578
Bat1;25.200000762939;1618073691.427878
Bat2;8.3900003433228;1618073691.4288437
Alt;4.8000001907349;1618073691.4298422
GAlt;220.10000610352;1618073691.4328635
GSpd;0.0;1618073691.4328635
Hdg;220.17001342773;1618073691.4338632
ch1;-1024.0;1618073691.4348278
ch2;-1024.0;1618073691.435856
ch3;-1024.0;1618073691.436855
ch4;-1024.0;1618073691.4378514
RSSI;73.0;1618073691.4378514
Roll;4.0;1618073691.4388485
Ptch;0.0;1618073691.4478238
GPS;[0.91331745, 0.4391192333333334];1618073691.4567726
Curr;0.0;1618073691.457768
AccX;0.010000000707805;1618073691.4587643
AccY;0.080000005662441;1618073691.4677398
AccZ;1.0;1618073691.46877
dPrs;-15.0;1618073691.4737227
Bat1;25.200000762939;1618073691.4747212
Bat2;8.3900003433228;1618073691.475749
Alt;4.8000001907349;1618073691.4767509
GAlt;220.10000610352;1618073691.4797385
GSpd;0.0;1618073691.4797385
Hdg;220.17001342773;1618073691.4807355
ch1;-1024.0;1618073691.4817355
ch2;-1024.0;1618073691.482734
ch3;-1024.0;1618073691.4836972
ch4;-1024.0;1618073691.4847271
Roll;4.0;1618073691.9875748
Ptch;0.0;1618073691.9975805
GPS;[0.91331745, 0.4391192333333334];1618073691.9985445
Curr;0.0;1618073691.9995437
AccX;0.010000000707805;1618073692.0105128
AccY;0.080000005662441;1618073692.0254717
AccZ;1.0;1618073692.0254717
dPrs;-15.0;1618073692.0264723
Bat1;25.200000762939;1618073692.02747
Bat2;8.3900003433228;1618073692.0294628
Alt;4.8000001907349;1618073692.031457
GAlt;220.10000610352;1618073692.0374439
GSpd;0.0;1618073692.0384412
Hdg;220.17001342773;1618073692.0434246
ch1;-1024.0;1618073692.0444272
ch2;-1024.0;1618073692.0454552
ch3;-1024.0;1618073692.0454552
ch4;-1024.0;1618073692.046419
RSSI;71.0;1618073692.0474136
Roll;4.0;1618073692.0484147
Ptch;0.0;1618073692.0484147
GPS;[0.91331745, 0.4391192333333334];1618073692.0494401
Curr;0.0;1618073692.050409
AccX;0.010000000707805;1618073692.051406
AccY;0.080000005662441;1618073692.052402
AccZ;1.0;1618073692.0533981
dPrs;-15.0;1618073692.0533981
Bat1;25.200000762939;1618073692.0713496
Bat2;8.3900003433228;1618073692.0723488
Alt;4.8000001907349;1618073692.073347
GAlt;220.10000610352;1618073692.0873075
GSpd;0.0;1618073692.0873075
Hdg;220.17001342773;1618073692.0883038
ch1;-1024.0;1618073692.0893018
ch2;-1024.0;1618073692.094292
ch3;-1024.0;1618073692.0962837
ch4;-1024.0;1618073692.0972834
RSSI;71.0;1618073692.0982783
Roll;4.0;1618073692.0992777
Ptch;0.0;1618073692.0992777
GPS;[0.91331745, 0.4391192333333334];1618073692.101275
Curr;0.0;1618073692.1192238
AccX;0.010000000707805;1618073692.1252077
AccY;0.080000005662441;1618073692.130193
AccZ;1.0;1618073692.131221
dPrs;-15.0;1618073692.132188
Bat1;25.200000762939;1618073692.137175
Bat2;8.3900003433228;1618073692.1391678
Alt;4.8000001907349;1618073692.1401663
GAlt;220.10000610352;1618073692.1431582
GSpd;0.0;1618073692.1431582
Hdg;220.17001342773;1618073692.1441555
ch1;-1024.0;1618073692.145156
ch2;-1024.0;1618073692.1461492
ch3;-1024.0;1618073692.1471467
ch4;-1024.0;1618073692.148146
RSSI;71.0;1618073692.1491764
Roll;4.0;1618073692.1491764
Ptch;0.0;1618073692.1571207
GPS;[0.91331745, 0.4391192333333334];1618073692.1670942
Curr;0.0;1618073692.1670942
AccX;0.010000000707805;1618073692.174076
AccY;0.080000005662441;1618073692.1751976
AccZ;1.0;1618073692.1762002
dPrs;-15.0;1618073692.1762002
Bat1;25.200000762939;1618073692.1862042
Bat2;8.3900003433228;1618073692.187173
Alt;4.8000001907349;1618073692.1882107
GAlt;220.10000610352;1618073692.1911616
GSpd;0.0;1618073692.192158
Hdg;220.17001342773;1618073692.1931543
ch1;-1024.0;1618073692.1931543
ch2;-1024.0;1618073692.1941512
ch3;-1024.0;1618073692.1951807
ch4;-1024.0;1618073692.1961453
RSSI;71.0;1618073692.1971748
Roll;4.0;1618073692.1971748
Ptch;0.0;1618073692.206122
GPS;[0.91331745, 0.4391192333333334];1618073692.2140977
Curr;0.0;1618073692.2151296
AccX;0.010000000707805;1618073692.2220755
AccY;0.080000005662441;1618073692.2230735
AccZ;1.0;1618073692.228061
dPrs;-15.0;1618073692.2330813
Bat1;25.200000762939;1618073692.2340457
Bat2;8.3900003433228;1618073692.2350767
Alt;4.8000001907349;1618073692.2370691
GAlt;220.10000610352;1618073692.2409437
GSpd;0.0;1618073692.241941
Hdg;220.17001342773;1618073692.2429404
ch1;-1024.0;1618073692.2429404
ch2;-1024.0;1618073692.2439358
ch3;-1024.0;1618073692.2449324
ch4;-1024.0;1618073692.2459304
RSSI;71.0;1618073692.246928
Roll;4.0;1618073692.246928
Ptch;0.0;1618073692.2559042
GPS;[0.91331745, 0.4391192333333334];1618073692.257899
Curr;0.0;1618073692.264882
AccX;0.010000000707805;1618073692.2708635
AccY;0.080000005662441;1618073692.2728598
AccZ;1.0;1618073692.2778447
dPrs;-15.0;1618073692.283861
Bat1;25.200000762939;1618073692.2848265
Bat2;8.3900003433228;1618073692.2868218
Alt;4.8000001907349;1618073692.2878184
GAlt;220.10000610352;1618073692.2898138
GSpd;0.0;1618073692.2908113
Hdg;220.17001342773;1618073692.2918136
ch1;-1024.0;1618073692.2928054
ch2;-1024.0;1618073692.2938046
ch3;-1024.0;1618073692.2947993
ch4;-1024.0;1618073692.2957966
RSSI;74.0;1618073692.2967947
Roll;4.0;1618073692.2967947
Ptch;0.0;1618073692.3048093
GPS;[0.91331745, 0.4391192333333334];1618073692.3137488
Curr;0.0;1618073692.3147457
AccX;0.010000000707805;1618073692.3207302
AccY;0.080000005662441;1618073692.3257499
AccZ;1.0;1618073692.3267145
dPrs;-15.0;1618073692.331733
Bat1;25.200000762939;1618073692.3326988
Bat2;8.3900003433228;1618073692.334693
Alt;4.8000001907349;1618073692.3356905
GAlt;220.10000610352;1618073692.3376853
GSpd;0.0;1618073692.3386817
Hdg;220.17001342773;1618073692.33968
ch1;-1024.0;1618073692.340681
ch2;-1024.0;1618073692.3416748
ch3;-1024.0;1618073692.3426719
ch4;-1024.0;1618073692.3426719
RSSI;74.0;1618073692.3436692
Roll;4.0;1618073692.3446667
Ptch;0.0;1618073692.3526475
GPS;[0.91331745, 0.4391192333333334];1618073692.3616245
Curr;0.0;1618073692.3626199
AccX;0.010000000707805;1618073692.363615
AccY;0.080000005662441;1618073692.3745868
AccZ;1.0;1618073692.3745868
dPrs;-21.0;1618073692.381569
Bat1;25.200000762939;1618073692.3825643
Bat2;8.3900003433228;1618073692.3845596
Alt;4.8000001907349;1618073692.3855565
GAlt;220.10000610352;1618073692.3875515
GSpd;0.0;1618073692.3885489
Hdg;220.17001342773;1618073692.3895485
ch1;-1024.0;1618073692.3905478
ch2;-1024.0;1618073692.3915415
ch3;-1024.0;1618073692.3925402
ch4;-1024.0;1618073692.3935351
RSSI;74.0;1618073692.394534
Roll;4.0;1618073692.39553
Ptch;0.0;1618073692.4025111
GPS;[0.91331745, 0.4391192333333334];1618073692.414479
Curr;0.0;1618073692.4154775
AccX;0.010000000707805;1618073692.4214604
AccY;0.080000005662441;1618073692.4294415
AccZ;1.0;1618073692.430437
dPrs;-21.0;1618073692.4354227
Bat1;25.200000762939;1618073692.437422
Bat2;8.3900003433228;1618073692.4384158
Alt;4.8000001907349;1618073692.4394133
GAlt;220.10000610352;1618073692.441407
GSpd;0.0;1618073692.4446228
Hdg;220.17001342773;1618073692.4456296
ch1;-1024.0;1618073692.446618
ch2;-1024.0;1618073692.447613
ch3;-1024.0;1618073692.4486098
ch4;-1024.0;1618073692.4486098
RSSI;74.0;1618073692.4496074
Roll;4.0;1618073692.4506054
Ptch;0.0;1618073692.4585838
GPS;[0.91331745, 0.4391192333333334];1618073692.468561
Curr;0.0;1618073692.4695592
AccX;0.010000000707805;1618073692.4795306
AccY;0.080000005662441;1618073692.485512
AccZ;1.0;1618073692.4865096
dPrs;-21.0;1618073692.487506
Bat1;25.200000762939;1618073692.4924932
Bat2;8.3900003433228;1618073692.4945207
Alt;4.8000001907349;1618073692.495518
GAlt;220.10000610352;1618073692.498478
GSpd;0.0;1618073692.498478
Hdg;220.17001342773;1618073692.4994745
ch1;-1024.0;1618073692.5004714
ch2;-1024.0;1618073692.501469
ch3;-1024.0;1618073692.502466
ch4;-1024.0;1618073692.503466
RSSI;74.0;1618073692.5045986
Roll;4.0;1618073692.5056002
Ptch;0.0;1618073692.5145772
GPS;[0.91331745, 0.4391192333333334];1618073692.5255485
Curr;0.0;1618073692.5265446
AccX;0.010000000707805;1618073692.53552
AccY;0.080000005662441;1618073692.5454936
AccZ;1.0;1618073692.5464916
dPrs;-21.0;1618073692.54749
Bat1;25.200000762939;1618073692.555467
Bat2;8.3900003433228;1618073692.557462
Alt;4.8000001907349;1618073692.5584605
GAlt;220.10000610352;1618073692.5614514
GSpd;0.0;1618073692.5614514
Hdg;220.17001342773;1618073692.5624487
ch1;-1024.0;1618073692.5634456
ch2;-1024.0;1618073692.5654411
ch3;-1024.0;1618073692.5664377
ch4;-1024.0;1618073692.5674348
RSSI;74.0;1618073692.5694337
Roll;4.0;1618073692.570428
Ptch;0.0;1618073692.582395
GPS;[0.91331745, 0.4391192333333334];1618073692.5933664
Curr;0.0;1618073692.5943635
AccX;0.010000000707805;1618073692.6013453
AccY;0.080000005662441;1618073692.607333
AccZ;1.0;1618073692.6083298
dPrs;-21.0;1618073692.6143098
Bat1;25.200000762939;1618073692.6153076
Bat2;8.3900003433228;1618073692.6163046
Alt;4.8000001907349;1618073692.6182992
GAlt;220.10000610352;1618073692.620294
GSpd;0.0;1618073692.6212916
Hdg;220.17001342773;1618073692.6232862
ch1;-1024.0;1618073692.6242838
ch2;-1024.0;1618073692.6252851
ch3;-1024.0;1618073692.6262817
ch4;-1024.0;1618073692.6272788
RSSI;74.0;1618073692.628273
Roll;4.0;1618073692.6292732
Ptch;0.0;1618073692.6382456
GPS;[0.91331745, 0.4391192333333334];1618073692.648221
Curr;0.0;1618073692.648221
AccX;0.010000000707805;1618073692.6552339
AccY;0.080000005662441;1618073692.6611848
AccZ;1.0;1618073692.6621823
dPrs;-21.0;1618073692.6671689
Bat1;25.200000762939;1618073692.669163
Bat2;8.3900003433228;1618073692.6701603
Alt;4.8000001907349;1618073692.6721547
GAlt;220.10000610352;1618073692.6761448
GSpd;0.0;1618073692.677142
Hdg;220.17001342773;1618073692.67814
ch1;-1024.0;1618073692.6801376
ch2;-1024.0;1618073692.6811354
ch3;-1024.0;1618073692.6821332
ch4;-1024.0;1618073692.6831298
RSSI;74.0;1618073692.6841233
Roll;4.0;1618073692.6851203
Ptch;0.0;1618073692.6970923
GPS;[0.91331745, 0.4391192333333334];1618073692.7070622
Curr;0.0;1618073692.7080598
AccX;0.010000000707805;1618073692.715041
AccY;0.080000005662441;1618073692.7220228
AccZ;1.0;1618073692.7230196
dPrs;-21.0;1618073692.7290037
Bat1;25.200000762939;1618073692.7309985
Bat2;8.3900003433228;1618073692.7329926
Alt;4.8000001907349;1618073692.7339935
GAlt;220.10000610352;1618073692.7369843
GSpd;0.0;1618073692.7379808
Hdg;220.17001342773;1618073692.7389762
ch1;-1024.0;1618073692.7399738
ch2;-1024.0;1618073692.7410061
ch3;-1024.0;1618073692.7419698
ch4;-1024.0;1618073692.742966
RSSI;74.0;1618073692.7439635
Roll;4.0;1618073692.7449605
Ptch;0.0;1618073692.754934
GPS;[0.91331745, 0.4391192333333334];1618073692.764908
Curr;0.0;1618073692.7659044
AccX;0.010000000707805;1618073692.7728863
AccY;0.080000005662441;1618073692.7788694
AccZ;1.0;1618073692.7798681
dPrs;-21.0;1618073692.7858515
Bat1;25.200000762939;1618073692.7868488
Bat2;8.3900003433228;1618073692.7878456
Alt;4.8000001907349;1618073692.7898412
GAlt;220.10000610352;1618073692.793829
GSpd;0.0;1618073692.793829
Hdg;220.17001342773;1618073692.7948263
ch1;-1024.0;1618073692.7958238
ch2;-1024.0;1618073692.7968233
ch3;-1024.0;1618073692.7978194
ch4;-1024.0;1618073692.798817
RSSI;74.0;1618073692.7998157
Roll;4.0;1618073692.8008108
Ptch;0.0;1618073692.801808
GPS;[0.91331745, 0.4391192333333334];1618073692.8197937
Curr;0.0;1618073692.8207614
AccX;0.010000000707805;1618073692.8277392
AccY;0.080000005662441;1618073692.8337226
AccZ;1.0;1618073692.8337226
dPrs;-21.0;1618073692.8347206
Bat1;25.200000762939;1618073692.8407083
Bat2;8.3900003433228;1618073692.8417013
Alt;4.8000001907349;1618073692.8436964
GAlt;220.10000610352;1618073692.8456914
GSpd;0.0;1618073692.8466876
Hdg;220.17001342773;1618073692.847685
ch1;-1024.0;1618073692.8486853
ch2;-1024.0;1618073692.8496864
ch3;-1024.0;1618073692.850678
ch4;-1024.0;1618073692.8516746
RSSI;74.0;1618073692.8526726
Roll;4.0;1618073692.8536713
Ptch;0.0;1618073692.8636858
GPS;[0.91331745, 0.4391192333333334];1618073692.8656373
Curr;0.0;1618073692.8746142
AccX;0.010000000707805;1618073692.8815954
AccY;0.080000005662441;1618073692.8875792
AccZ;1.0;1618073692.8875792
dPrs;-21.0;1618073692.8935628
Bat1;25.200000762939;1618073692.895225
Bat2;8.3900003433228;1618073692.8972635
Alt;4.8000001907349;1618073692.898217
GAlt;220.10000610352;1618073692.9012084
GSpd;0.0;1618073692.9012084
Hdg;220.17001342773;1618073692.9032032
ch1;-1024.0;1618073692.9032032
ch2;-1024.0;1618073692.9042008
ch3;-1024.0;1618073692.9051983
ch4;-1024.0;1618073692.9071932
RSSI;74.0;1618073692.9071932
Roll;4.0;1618073692.9082253
Ptch;0.0;1618073692.9091926
GPS;[0.91331745, 0.4391192333333334];1618073692.9271398
Curr;0.0;1618073692.928136
AccX;0.010000000707805;1618073692.9341667
AccY;0.080000005662441;1618073692.9401116
AccZ;1.0;1618073692.9411042
dPrs;-21.0;1618073692.9471316
Bat1;25.200000762939;1618073692.9480834
Bat2;8.3900003433228;1618073692.950078
Alt;4.8000001907349;1618073692.9510756
GAlt;220.10000610352;1618073692.954067
GSpd;0.0;1618073692.954067
Hdg;220.17001342773;1618073692.9560626
ch1;-1024.0;1618073692.9570637
ch2;-1024.0;1618073692.958084
ch3;-1024.0;1618073692.9590542
ch4;-1024.0;1618073692.9600518
RSSI;74.0;1618073692.9610822
Roll;4.0;1618073692.9620464
Ptch;0.0;1618073692.9710217
GPS;[0.91331745, 0.4391192333333334];1618073692.9790459
Curr;0.0;1618073692.9809952
AccX;0.010000000707805;1618073692.9869795
AccY;0.080000005662441;1618073692.9879777
AccZ;1.0;1618073692.9939606
dPrs;-21.0;1618073692.998993
Bat1;25.200000762939;1618073692.9999442
Bat2;8.3900003433228;1618073693.0009418
Alt;4.8000001907349;1618073693.0029702
GAlt;220.10000610352;1618073693.0049317
GSpd;0.0;1618073693.0059283
Hdg;220.17001342773;1618073693.0069299
ch1;-1024.0;1618073693.007923
ch2;-1024.0;1618073693.008921
ch3;-1024.0;1618073693.0099187
ch4;-1024.0;1618073693.0109155
RSSI;72.0;1618073693.0109155
Roll;4.0;1618073693.011913
Ptch;0.0;1618073693.0208883
GPS;[0.91331745, 0.4391192333333334];1618073693.029864
Curr;0.0;1618073693.029864
AccX;0.010000000707805;1618073693.035896
AccY;0.080000005662441;1618073693.0428293
AccZ;1.0;1618073693.0438266
dPrs;-15.0;1618073693.0488203
Bat1;25.200000762939;1618073693.0498116
Bat2;8.3900003433228;1618073693.0518057
Alt;4.8000001907349;1618073693.0528035
GAlt;220.10000610352;1618073693.0558
GSpd;0.0;1618073693.0567927
Hdg;220.17001342773;1618073693.0577931
ch1;-1024.0;1618073693.0587895
ch2;-1024.0;1618073693.0597885
ch3;-1024.0;1618073693.0597885
ch4;-1024.0;1618073693.0607872
RSSI;72.0;1618073693.0617836
Roll;4.0;1618073693.0627806
Ptch;0.0;1618073693.0717533
GPS;[0.91331745, 0.4391192333333334];1618073693.080729
Curr;0.0;1618073693.080729
AccX;0.010000000707805;1618073693.0907018
AccY;0.080000005662441;1618073693.1006758
AccZ;1.0;1618073693.101675
dPrs;-15.0;1618073693.108654
Bat1;25.200000762939;1618073693.1106496
Bat2;8.3900003433228;1618073693.112644
Alt;4.8000001907349;1618073693.1156359
GAlt;220.10000610352;1618073693.1196253
GSpd;0.0;1618073693.1206217
Hdg;220.17001342773;1618073693.1236155
ch1;-1024.0;1618073693.124611
ch2;-1024.0;1618073693.125609
ch3;-1024.0;1618073693.1266124
ch4;-1024.0;1618073693.1276145
RSSI;72.0;1618073693.1295977
Roll;4.0;1618073693.1305947
Ptch;0.0;1618073693.142564
GPS;[0.91331745, 0.4391192333333334];1618073693.1445587
Curr;0.0;1618073693.1455595
AccX;0.010000000707805;1618073693.1545372
AccY;0.080000005662441;1618073693.166504
AccZ;1.0;1618073693.1674967
dPrs;-15.0;1618073693.1685033
Bat1;25.200000762939;1618073693.17049
Bat2;8.3900003433228;1618073693.1714876
Alt;4.8000001907349;1618073693.188689
GAlt;220.10000610352;1618073693.189687
GSpd;0.0;1618073693.1906865
Hdg;220.17001342773;1618073693.191681
ch1;-1024.0;1618073693.1936765
ch2;-1024.0;1618073693.1956718
ch3;-1024.0;1618073693.1956718
ch4;-1024.0;1618073693.1966684
RSSI;72.0;1618073693.1976674
Roll;4.0;1618073693.1986642
Ptch;0.0;1618073693.1996596
GPS;[0.91331745, 0.4391192333333334];1618073693.200658
Curr;0.0;1618073693.2016547
AccX;0.010000000707805;1618073693.2026527
AccY;0.080000005662441;1618073693.203653
AccZ;1.0;1618073693.203653
dPrs;-15.0;1618073693.2046478
Bat1;25.200000762939;1618073693.2056465
Bat2;8.3900003433228;1618073693.207644
Alt;4.8000001907349;1618073693.2086406
GAlt;220.10000610352;1618073693.2106314
GSpd;0.0;1618073693.211631
Hdg;220.17001342773;1618073693.2126322
ch1;-1024.0;1618073693.2136261
ch2;-1024.0;1618073693.2136261
ch3;-1024.0;1618073693.2146206
ch4;-1024.0;1618073693.2156198
RSSI;72.0;1618073693.2166145
Roll;4.0;1618073693.2166145
Ptch;0.0;1618073693.217613
GPS;[0.91331745, 0.4391192333333334];1618073693.2575068
Curr;0.0;1618073693.258503
AccX;0.010000000707805;1618073693.270475
AccY;0.080000005662441;1618073693.2714722
AccZ;1.0;1618073693.272466
dPrs;-15.0;1618073693.2734632
Bat1;25.200000762939;1618073693.29341
Bat2;8.3900003433228;1618073693.2944064
Alt;4.8000001907349;1618073693.2954044
GAlt;220.10000610352;1618073693.2964008
GSpd;0.0;1618073693.297398
Hdg;220.17001342773;1618073693.2983956
ch1;-1024.0;1618073693.2993927
ch2;-1024.0;1618073693.3023856
ch3;-1024.0;1618073693.3033876
ch4;-1024.0;1618073693.312358
RSSI;72.0;1618073693.3133557
Roll;4.0;1618073693.3143535
Ptch;0.0;1618073693.3153505
GPS;[0.91331745, 0.4391192333333334];1618073693.3343005
Curr;0.0;1618073693.3353314
AccX;0.010000000707805;1618073693.3432791
AccY;0.080000005662441;1618073693.350257
AccZ;1.0;1618073693.350257
dPrs;-15.0;1618073693.3562407
Bat1;25.200000762939;1618073693.3582368
Bat2;8.3900003433228;1618073693.3592334
Alt;4.8000001907349;1618073693.361227
GAlt;220.10000610352;1618073693.3632221
GSpd;0.0;1618073693.3642535
Hdg;220.17001342773;1618073693.3652532
ch1;-1024.0;1618073693.3662171
ch2;-1024.0;1618073693.3672123
ch3;-1024.0;1618073693.3682096
ch4;-1024.0;1618073693.3692074
RSSI;72.0;1618073693.3702044
Roll;4.0;1618073693.3712018
Ptch;0.0;1618073693.3801775
GPS;[0.91331745, 0.4391192333333334];1618073693.3821714
Curr;0.0;1618073693.3901556
AccX;0.010000000707805;1618073693.3971317
AccY;0.080000005662441;1618073693.399088
AccZ;1.0;1618073693.4040725
dPrs;-15.0;1618073693.4050694
Bat1;25.200000762939;1618073693.4110556
Bat2;8.3900003433228;1618073693.413099
Alt;4.8000001907349;1618073693.414094
GAlt;220.10000610352;1618073693.416041
GSpd;0.0;1618073693.417038
Hdg;220.17001342773;1618073693.4180348
ch1;-1024.0;1618073693.419033
ch2;-1024.0;1618073693.420032
ch3;-1024.0;1618073693.4210293
ch4;-1024.0;1618073693.4220262
RSSI;74.0;1618073693.423022
Roll;4.0;1618073693.4240232
Ptch;0.0;1618073693.4329946
GPS;[0.91331745, 0.4391192333333334];1618073693.4419754
Curr;0.0;1618073693.4429705
AccX;0.010000000707805;1618073693.4489534
AccY;0.080000005662441;1618073693.4549842
AccZ;1.0;1618073693.4559355
dPrs;-15.0;1618073693.456932
Bat1;25.200000762939;1618073693.4629626
Bat2;8.3900003433228;1618073693.4649525
Alt;4.8000001907349;1618073693.4659572
GAlt;220.10000610352;1618073693.4679015
GSpd;0.0;1618073693.4688988
Hdg;220.17001342773;1618073693.4698958
ch1;-1024.0;1618073693.4719312
ch2;-1024.0;1618073693.472888
ch3;-1024.0;1618073693.4738872
ch4;-1024.0;1618073693.4738872
RSSI;74.0;1618073693.4748838
Roll;4.0;1618073693.47588
Ptch;0.0;1618073693.4848564
GPS;[0.91331745, 0.4391192333333334];1618073693.4948316
Curr;0.0;1618073693.4948316
AccX;0.010000000707805;1618073693.5008137
AccY;0.080000005662441;1618073693.5078485
AccZ;1.0;1618073693.5078485
dPrs;-15.0;1618073693.5089633
Bat1;25.200000762939;1618073693.5149462
Bat2;8.3900003433228;1618073693.5169861
Alt;4.8000001907349;1618073693.5179865
GAlt;220.10000610352;1618073693.5209312
GSpd;0.0;1618073693.5219278
Hdg;220.17001342773;1618073693.5229266
ch1;-1024.0;1618073693.524922
ch2;-1024.0;1618073693.524922
ch3;-1024.0;1618073693.5259173
ch4;-1024.0;1618073693.5269146
RSSI;74.0;1618073693.5279133
Roll;4.0;1618073693.5289106
Ptch;0.0;1618073693.5378888
GPS;[0.91331745, 0.4391192333333334];1618073693.5398805
Curr;0.0;1618073693.5488553
AccX;0.010000000707805;1618073693.555836
AccY;0.080000005662441;1618073693.5618198
AccZ;1.0;1618073693.5628173
dPrs;-15.0;1618073693.5678039
Bat1;25.200000762939;1618073693.5688016
Bat2;8.3900003433228;1618073693.5707958
Alt;4.8000001907349;1618073693.5717933
GAlt;220.10000610352;1618073693.5747871
GSpd;0.0;1618073693.575783
Hdg;220.17001342773;1618073693.5767832
ch1;-1024.0;1618073693.578776
ch2;-1024.0;1618073693.5797732
ch3;-1024.0;1618073693.5807724
ch4;-1024.0;1618073693.581771
RSSI;74.0;1618073693.5827649
Roll;4.0;1618073693.5837636
Ptch;0.0;1618073693.5927377
GPS;[0.91331745, 0.4391192333333334];1618073693.601714
Curr;0.0;1618073693.6027136
AccX;0.010000000707805;1618073693.6037083
AccY;0.080000005662441;1618073693.6156769
AccZ;1.0;1618073693.6156769
dPrs;-15.0;1618073693.620664
Bat1;25.200000762939;1618073693.6227047
Bat2;8.3900003433228;1618073693.6247013
Alt;4.8000001907349;1618073693.625693
GAlt;220.10000610352;1618073693.6276784
GSpd;0.0;1618073693.628678
Hdg;220.17001342773;1618073693.629673
ch1;-1024.0;1618073693.630639
ch2;-1024.0;1618073693.6316347
ch3;-1024.0;1618073693.6326318
ch4;-1024.0;1618073693.633631
RSSI;74.0;1618073693.6346278
Roll;4.0;1618073693.6356666
Ptch;0.0;1618073693.6445987
GPS;[0.91331745, 0.4391192333333334];1618073693.645599
Curr;0.0;1618073693.6545725
AccX;0.010000000707805;1618073693.661597
AccY;0.080000005662441;1618073693.6625514
AccZ;1.0;1618073693.6635492
dPrs;-15.0;1618073693.6735222
Bat1;25.200000762939;1618073693.67452
Bat2;8.3900003433228;1618073693.676516
Alt;4.8000001907349;1618073693.6775453
GAlt;220.10000610352;1618073693.6795058
GSpd;0.0;1618073693.680503
Hdg;220.17001342773;1618073693.681501
ch1;-1024.0;1618073693.6824985
ch2;-1024.0;1618073693.6834953
ch3;-1024.0;1618073693.6844947
ch4;-1024.0;1618073693.6854923
RSSI;74.0;1618073693.6864905
Roll;4.0;1618073693.6874878
Ptch;0.0;1618073693.6964617
GPS;[0.91331745, 0.4391192333333334];1618073693.7054372
Curr;0.0;1618073693.7064383
AccX;0.010000000707805;1618073693.7134488
AccY;0.080000005662441;1618073693.7194355
AccZ;1.0;1618073693.7194355
dPrs;-15.0;1618073693.7253828
Bat1;25.200000762939;1618073693.7272074
Bat2;8.3900003433228;1618073693.7282462
Alt;4.8000001907349;1618073693.7302408
GAlt;220.10000610352;1618073693.7322285
GSpd;0.0;1618073693.7332232
Hdg;220.17001342773;1618073693.7351854
ch1;-1024.0;1618073693.7362247
ch2;-1024.0;1618073693.7362247
ch3;-1024.0;1618073693.7372224
ch4;-1024.0;1618073693.7382388
RSSI;76.0;1618073693.7392814
Roll;4.0;1618073693.7402387
Ptch;0.0;1618073693.7492142
GPS;[0.91331745, 0.4391192333333334];1618073693.7601843
Curr;0.0;1618073693.761182
AccX;0.010000000707805;1618073693.767169
AccY;0.080000005662441;1618073693.7731514
AccZ;1.0;1618073693.7741477
dPrs;-15.0;1618073693.7791348
Bat1;25.200000762939;1618073693.781162
Bat2;8.3900003433228;1618073693.7821596
Alt;4.8000001907349;1618073693.7841558
GAlt;220.10000610352;1618073693.7871134
GSpd;0.0;1618073693.7871134
Hdg;220.17001342773;1618073693.78811
ch1;-1024.0;1618073693.790108
ch2;-1024.0;1618073693.7911055
ch3;-1024.0;1618073693.7921028
ch4;-1024.0;1618073693.7931004
RSSI;76.0;1618073693.7940972
Roll;4.0;1618073693.7940972
Ptch;0.0;1618073693.8030727
GPS;[0.91331745, 0.4391192333333334];1618073693.8130434
Curr;0.0;1618073693.8140407
AccX;0.010000000707805;1618073693.8200238
AccY;0.080000005662441;1618073693.827052
AccZ;1.0;1618073693.827052
dPrs;-15.0;1618073693.8330321
Bat1;25.200000762939;1618073693.8339887
Bat2;8.3900003433228;1618073693.8350282
Alt;4.8000001907349;1618073693.8359861
GAlt;220.10000610352;1618073693.8389735
GSpd;0.0;1618073693.8389735
Hdg;220.17001342773;1618073693.8409715
ch1;-1024.0;1618073693.841968
ch2;-1024.0;1618073693.842965
ch3;-1024.0;1618073693.8440042
ch4;-1024.0;1618073693.844992
RSSI;76.0;1618073693.844992
Roll;4.0;1618073693.8459983
Ptch;0.0;1618073693.8548322
GPS;[0.91331745, 0.4391192333333334];1618073693.8648067
Curr;0.0;1618073693.8648067
AccX;0.010000000707805;1618073693.8708227
AccY;0.080000005662441;1618073693.8768213
AccZ;1.0;1618073693.8778074
dPrs;-15.0;1618073693.8787692
Bat1;25.200000762939;1618073693.8837981
Bat2;8.3900003433228;1618073693.8857946
Alt;4.3000001907349;1618073693.8868012
GAlt;220.10000610352;1618073693.8887784
GSpd;0.0;1618073693.8897407
Hdg;220.17001342773;1618073693.8917341
ch1;-1024.0;1618073693.8917341
ch2;-1024.0;1618073693.8927794
ch3;-1024.0;1618073693.8937314
ch4;-1024.0;1618073693.8947277
RSSI;76.0;1618073693.8957694
Roll;4.0;1618073693.8967721
Ptch;0.0;1618073693.904746
GPS;[0.91331745, 0.4391192333333334];1618073693.9136748
Curr;0.0;1618073693.9136748
AccX;0.010000000707805;1618073693.9197085
AccY;0.080000005662441;1618073693.9256883
AccZ;1.0;1618073693.9256883
dPrs;-15.0;1618073693.9269638
Bat1;25.200000762939;1618073693.9319544
Bat2;8.3900003433228;1618073693.9339974
Alt;4.3000001907349;1618073693.9349911
GAlt;220.10000610352;1618073693.9369414
GSpd;0.0;1618073693.9379387
Hdg;220.17001342773;1618073693.9389358
ch1;-1024.0;1618073693.9399736
ch2;-1024.0;1618073693.9409332
ch3;-1024.0;1618073693.9419281
ch4;-1024.0;1618073693.942927
RSSI;76.0;1618073693.9439726
Roll;4.0;1618073693.9449677
Ptch;0.0;1618073693.9528985
GPS;[0.91331745, 0.4391192333333334];1618073693.9618747
Curr;0.0;1618073693.9628713
AccX;0.010000000707805;1618073693.9688554
AccY;0.080000005662441;1618073693.9748414
AccZ;1.0;1618073693.9759707
dPrs;-15.0;1618073693.980961
Bat1;25.200000762939;1618073693.9819603
Bat2;8.3900003433228;1618073693.9829593
Alt;4.3000001907349;1618073693.9849956
GAlt;220.10000610352;1618073693.9869454
GSpd;0.0;1618073693.9869454
Hdg;220.17001342773;1618073693.988942
ch1;-1024.0;1618073693.989937
ch2;-1024.0;1618073693.9909759
ch3;-1024.0;1618073693.9909759
ch4;-1024.0;1618073693.9919796
RSSI;76.0;1618073693.9929292
Roll;4.0;1618073693.993927
Ptch;0.0;1618073694.001905
GPS;[0.91331745, 0.4391192333333334];1618073694.0029097
Curr;0.0;1618073694.003903
AccX;0.010000000707805;1618073694.0178623
AccY;0.080000005662441;1618073694.0238464
AccZ;1.0;1618073694.0248454
dPrs;-15.0;1618073694.02983
Bat1;25.200000762939;1618073694.0308754
Bat2;8.3900003433228;1618073694.0318267
Alt;4.3000001907349;1618073694.0338676
GAlt;220.10000610352;1618073694.0364485
GSpd;0.0;1618073694.0364485
Hdg;220.17001342773;1618073694.0374455
ch1;-1024.0;1618073694.0384867
ch2;-1024.0;1618073694.0394924
ch3;-1024.0;1618073694.0404415
ch4;-1024.0;1618073694.0414867
RSSI;76.0;1618073694.0424807
Roll;4.0;1618073694.0424807
Ptch;0.0;1618073694.0504444
GPS;[0.91331745, 0.4391192333333334];1618073694.0514083
Curr;0.0;1618073694.0594194
AccX;0.010000000707805;1618073694.0654035
AccY;0.080000005662441;1618073694.0713916
AccZ;1.0;1618073694.0713916
dPrs;-15.0;1618073694.076377
Bat1;25.200000762939;1618073694.0773408
Bat2;8.3900003433228;1618073694.0793703
Alt;4.3000001907349;1618073694.0803638
GAlt;220.10000610352;1618073694.0823257
GSpd;0.0;1618073694.0833237
Hdg;220.17001342773;1618073694.08432
ch1;-1024.0;1618073694.0853522
ch2;-1024.0;1618073694.0853522
ch3;-1024.0;1618073694.0863473
ch4;-1024.0;1618073694.087347
RSSI;73.0;1618073694.088342
Roll;4.0;1618073694.0893397
Ptch;0.0;1618073694.0963264
GPS;[0.91331745, 0.4391192333333334];1618073694.105297
Curr;0.0;1618073694.1062677
AccX;0.010000000707805;1618073694.1122475
AccY;0.080000005662441;1618073694.1172323
AccZ;1.0;1618073694.1182683
dPrs;-15.0;1618073694.1232488
Bat1;25.200000762939;1618073694.1242137
Bat2;8.3900003433228;1618073694.1262417
Alt;4.3000001907349;1618073694.1272423
GAlt;220.10000610352;1618073694.1289709
GSpd;0.0;1618073694.1299996
Hdg;220.17001342773;1618073694.130997
ch1;-1024.0;1618073694.131995
ch2;-1024.0;1618073694.1329913
ch3;-1024.0;1618073694.1329913
ch4;-1024.0;1618073694.13399
RSSI;73.0;1618073694.1349864
Roll;4.0;1618073694.135984
Ptch;0.0;1618073694.1439295
GPS;[0.91331745, 0.4391192333333334];1618073694.144928
Curr;0.0;1618073694.152949
AccX;0.010000000707805;1618073694.1588905
AccY;0.080000005662441;1618073694.1649046
AccZ;1.0;1618073694.165903
dPrs;-15.0;1618073694.169893
Bat1;25.200000762939;1618073694.1718874
Bat2;8.3900003433228;1618073694.1728847
Alt;4.3000001907349;1618073694.1748483
GAlt;220.10000610352;1618073694.1768734
GSpd;0.0;1618073694.1778705
Hdg;220.17001342773;1618073694.1788688
ch1;-1024.0;1618073694.179872
ch2;-1024.0;1618073694.179872
ch3;-1024.0;1618073694.1808624
ch4;-1024.0;1618073694.1818607
RSSI;73.0;1618073694.1828575
Roll;4.0;1618073694.183856
Ptch;0.0;1618073694.1908064
GPS;[0.91331745, 0.4391192333333334];1618073694.1998134
Curr;0.0;1618073694.20081
AccX;0.010000000707805;1618073694.206766
AccY;0.080000005662441;1618073694.2117813
AccZ;1.0;1618073694.2127774
dPrs;-15.0;1618073694.2177646
Bat1;25.200000762939;1618073694.2187624
Bat2;8.3900003433228;1618073694.2197595
Alt;4.3000001907349;1618073694.2207565
GAlt;220.10000610352;1618073694.2237487
GSpd;0.0;1618073694.2247453
Hdg;220.17001342773;1618073694.225743
ch1;-1024.0;1618073694.226741
ch2;-1024.0;1618073694.2277377
ch3;-1024.0;1618073694.2277377
ch4;-1024.0;1618073694.2287347
RSSI;73.0;1618073694.2297332
Roll;4.0;1618073694.2307308
Ptch;0.0;1618073694.238676
GPS;[0.91331745, 0.4391192333333334];1618073694.247685
Curr;0.0;1618073694.2486815
AccX;0.010000000707805;1618073694.2536397
AccY;0.080000005662441;1618073694.259622
AccZ;1.0;1618073694.2606194
dPrs;-15.0;1618073694.2646089
Bat1;25.200000762939;1618073694.2656062
Bat2;8.3900003433228;1618073694.2676005
Alt;4.3000001907349;1618073694.2685983
GAlt;220.10000610352;1618073694.2705913
GSpd;0.0;1618073694.2715876
Hdg;220.17001342773;1618073694.2715876
ch1;-1024.0;1618073694.2735856
ch2;-1024.0;1618073694.2735856
ch3;-1024.0;1618073694.2746124
ch4;-1024.0;1618073694.275577
RSSI;73.0;1618073694.276576
Roll;4.0;1618073694.2776046
Ptch;0.0;1618073694.2855506
GPS;[0.91331745, 0.4391192333333334];1618073694.2945285
Curr;0.0;1618073694.2945285
AccX;0.010000000707805;1618073694.30051
AccY;0.080000005662441;1618073694.3025053
AccZ;1.0;1618073694.307494
dPrs;-21.0;1618073694.3115144
Bat1;25.200000762939;1618073694.313508
Bat2;8.3900003433228;1618073694.3145063
Alt;4.3000001907349;1618073694.3160794
GAlt;220.10000610352;1618073694.3180737
GSpd;0.0;1618073694.3180737
Hdg;220.17001342773;1618073694.3200681
ch1;-1024.0;1618073694.3200681
ch2;-1024.0;1618073694.321066
ch3;-1024.0;1618073694.3220637
ch4;-1024.0;1618073694.323064
RSSI;73.0;1618073694.324058
Roll;4.0;1618073694.325055
Ptch;0.0;1618073694.3330328
GPS;[0.91331745, 0.4391192333333334];1618073694.3410137
Curr;0.0;1618073694.3420098
AccX;0.010000000707805;1618073694.348993
AccY;0.080000005662441;1618073694.35398
AccZ;1.0;1618073694.3549786
dPrs;-21.0;1618073694.359961
Bat1;25.200000762939;1618073694.3609593
Bat2;8.3900003433228;1618073694.3629532
Alt;4.3000001907349;1618073694.3639512
GAlt;220.10000610352;1618073694.3659458
GSpd;0.0;1618073694.3659458
Hdg;220.17001342773;1618073694.3669424
ch1;-1024.0;1618073694.3679402
ch2;-1024.0;1618073694.3689432
ch3;-1024.0;1618073694.369935
ch4;-1024.0;1618073694.3709326
RSSI;72.0;1618073694.37193
Roll;4.0;1618073694.37193
Ptch;0.0;1618073694.380908
GPS;[0.91331745, 0.4391192333333334];1618073694.3898816
Curr;0.0;1618073694.39088
AccX;0.010000000707805;1618073694.3968627
AccY;0.080000005662441;1618073694.4018824
AccZ;1.0;1618073694.4028466
dPrs;-21.0;1618073694.4078333
Bat1;25.200000762939;1618073694.4088311
Bat2;8.3900003433228;1618073694.4098287
Alt;5.9000000953674;1618073694.411823
GAlt;220.10000610352;1618073694.413818
GSpd;0.0;1618073694.413818
Hdg;220.17001342773;1618073694.4148145
ch1;-1024.0;1618073694.4158113
ch2;-1024.0;1618073694.4168098
ch3;-1024.0;1618073694.417807
ch4;-1024.0;1618073694.4188461
RSSI;72.0;1618073694.4188461
Roll;4.0;1618073694.4198012
Ptch;0.0;1618073694.4287777
GPS;[0.91331745, 0.4391192333333334];1618073694.4377527
Curr;0.0;1618073694.4377527
AccX;0.010000000707805;1618073694.4437377
AccY;0.080000005662441;1618073694.4497216
AccZ;1.0;1618073694.4497216
dPrs;-21.0;1618073694.454741
Bat1;25.200000762939;1618073694.4557052
Bat2;8.3900003433228;1618073694.4577005
Alt;5.9000000953674;1618073694.4587
GAlt;220.10000610352;1618073694.460692
GSpd;0.0;1618073694.4616907
Hdg;220.17001342773;1618073694.4626865
ch1;-1024.0;1618073694.4636838
ch2;-1024.0;1618073694.4636838
ch3;-1024.0;1618073694.4646816
ch4;-1024.0;1618073694.4656806
RSSI;72.0;1618073694.4666762
Roll;4.0;1618073694.4676735
Ptch;0.0;1618073694.4756894
GPS;[0.91331745, 0.4391192333333334];1618073694.4846284
Curr;0.0;1618073694.4846284
AccX;0.010000000707805;1618073694.4906168
AccY;0.080000005662441;1618073694.4965966
AccZ;1.0;1618073694.4965966
dPrs;-21.0;1618073694.5016146
Bat1;25.200000762939;1618073694.5035777
Bat2;8.3900003433228;1618073694.504575
Alt;5.9000000953674;1618073694.5055718
GAlt;220.10000610352;1618073694.5076008
GSpd;0.0;1618073694.5085962
Hdg;220.17001342773;1618073694.5095942
ch1;-1024.0;1618073694.510559
ch2;-1024.0;1618073694.5115561
ch3;-1024.0;1618073694.5125532
ch4;-1024.0;1618073694.5135508
RSSI;72.0;1618073694.5145483
Roll;4.0;1618073694.5145483
Ptch;0.0;1618073694.5245218
GPS;[0.91331745, 0.4391192333333334];1618073694.533531
Curr;0.0;1618073694.533531
AccX;0.010000000707805;1618073694.5354939
AccY;0.080000005662441;1618073694.5364888
AccZ;1.0;1618073694.5464666
dPrs;-21.0;1618073694.5514834
Bat1;25.200000762939;1618073694.552447
Bat2;8.3900003433228;1618073694.5544415
Alt;5.9000000953674;1618073694.5554388
GAlt;220.10000610352;1618073694.5574696
GSpd;0.0;1618073694.5584624
Hdg;220.17001342773;1618073694.5594285
ch1;-1024.0;1618073694.5604253
ch2;-1024.0;1618073694.5604253
ch3;-1024.0;1618073694.5614226
ch4;-1024.0;1618073694.562422
RSSI;72.0;1618073694.5634177
Roll;4.0;1618073694.5644152
Ptch;0.0;1618073694.5713997
GPS;[0.91331745, 0.4391192333333334];1618073694.581373
Curr;0.0;1618073694.5823708
AccX;0.010000000707805;1618073694.5873537
AccY;0.080000005662441;1618073694.5933375
AccZ;1.0;1618073694.5933375
dPrs;-21.0;1618073694.5983589
Bat1;25.200000762939;1618073694.5993342
Bat2;8.3900003433228;1618073694.6013165
Alt;5.9000000953674;1618073694.6023135
GAlt;220.10000610352;1618073694.6043081
GSpd;0.0;1618073694.6053047
Hdg;220.17001342773;1618073694.6063032
ch1;-1024.0;1618073694.6073036
ch2;-1024.0;1618073694.608298
ch3;-1024.0;1618073694.609295
ch4;-1024.0;1618073694.6102922
RSSI;72.0;1618073694.6102922
Roll;4.0;1618073694.6112921
Ptch;0.0;1618073694.620264
GPS;[0.91331745, 0.4391192333333334];1618073694.629242
Curr;0.0;1618073694.6302383
AccX;0.010000000707805;1618073694.6362226
AccY;0.080000005662441;1618073694.6412091
AccZ;1.0;1618073694.642207
dPrs;-21.0;1618073694.647194
Bat1;25.200000762939;1618073694.648191
Bat2;8.3900003433228;1618073694.649188
Alt;5.9000000953674;1618073694.6501849
GAlt;220.10000610352;1618073694.6531773
GSpd;0.0;1618073694.6531773
Hdg;220.17001342773;1618073694.6541748
ch1;-1024.0;1618073694.6551714
ch2;-1024.0;1618073694.6561694
ch3;-1024.0;1618073694.6571672
ch4;-1024.0;1618073694.6581643
RSSI;72.0;1618073694.6581643
Roll;4.0;1618073694.659165
Ptch;0.0;1618073694.6671722
GPS;[0.91331745, 0.4391192333333334];1618073694.6761165
Curr;0.0;1618073694.6761165
AccX;0.010000000707805;1618073694.6821325
AccY;0.080000005662441;1618073694.687119
AccZ;1.0;1618073694.6880841
dPrs;-21.0;1618073694.693104
Bat1;25.200000762939;1618073694.6950648
Bat2;8.3900003433228;1618073694.6960628
Alt;5.9000000953674;1618073694.6970606
GAlt;220.10000610352;1618073694.699055
GSpd;0.0;1618073694.7000518
Hdg;220.17001342773;1618073694.7010493
ch1;-1024.0;1618073694.7020466
ch2;-1024.0;1618073694.7020466
ch3;-1024.0;1618073694.7030437
ch4;-1024.0;1618073694.7040412
RSSI;76.0;1618073694.7050385
Roll;4.0;1618073694.7060356
Ptch;0.0;1618073694.7140148
GPS;[0.91331745, 0.4391192333333334];1618073694.7219934
Curr;0.0;1618073694.7229905
AccX;0.010000000707805;1618073694.7289743
AccY;0.080000005662441;1618073694.7339609
AccZ;1.0;1618073694.7349586
dPrs;-21.0;1618073694.7399457
Bat1;25.200000762939;1618073694.7409441
Bat2;8.3900003433228;1618073694.741948
Alt;5.9000000953674;1618073694.7439346
GAlt;220.10000610352;1618073694.74593
GSpd;0.0;1618073694.74593
Hdg;220.17001342773;1618073694.746926
ch1;-1024.0;1618073694.7479239
ch2;-1024.0;1618073694.748921
ch3;-1024.0;1618073694.7499187
ch4;-1024.0;1618073694.7509158
RSSI;76.0;1618073694.7509158
Roll;4.0;1618073694.7519147
Ptch;0.0;1618073694.7598922
GPS;[0.91331745, 0.4391192333333334];1618073694.767871
Curr;0.0;1618073694.7688692
AccX;0.010000000707805;1618073694.7698658
AccY;0.080000005662441;1618073694.778842
AccZ;1.0;1618073694.7798388
dPrs;-21.0;1618073694.7838607
Bat1;25.200000762939;1618073694.784825
Bat2;8.3900003433228;1618073694.78682
Alt;5.9000000953674;1618073694.7878172
GAlt;220.10000610352;1618073694.7898123
GSpd;0.0;1618073694.7908094
Hdg;220.17001342773;1618073694.7918067
ch1;-1024.0;1618073694.7928038
ch2;-1024.0;1618073694.7938013
ch3;-1024.0;1618073694.7947981
ch4;-1024.0;1618073694.7947981
RSSI;76.0;1618073694.7957957
Roll;4.0;1618073694.7967925
Ptch;0.0;1618073694.8038063
GPS;[0.91331745, 0.4391192333333334];1618073694.8127503
Curr;0.0;1618073694.8127503
AccX;0.010000000707805;1618073694.8187342
AccY;0.080000005662441;1618073694.823725
AccZ;1.0;1618073694.823725
dPrs;-21.0;1618073694.828708
Bat1;25.200000762939;1618073694.8297052
Bat2;8.3900003433228;1618073694.8307025
Alt;5.9000000953674;1618073694.832697
GAlt;220.10000610352;1618073694.8346934
GSpd;0.0;1618073694.8346934
Hdg;220.17001342773;1618073694.835688
ch1;-1024.0;1618073694.8366866
ch2;-1024.0;1618073694.837684
ch3;-1024.0;1618073694.838682
ch4;-1024.0;1618073694.8396792
RSSI;76.0;1618073694.8396792
Roll;4.0;1618073694.8406801
Ptch;0.0;1618073694.848654
GPS;[0.91331745, 0.4391192333333334];1618073694.856637
Curr;0.0;1618073694.857663
AccX;0.010000000707805;1618073694.8636148
AccY;0.080000005662441;1618073694.8686006
AccZ;1.0;1618073694.8686006
dPrs;-21.0;1618073694.873591
Bat1;25.200000762939;1618073694.8745847
Bat2;8.3900003433228;1618073694.87658
Alt;5.9000000953674;1618073694.877577
GAlt;220.10000610352;1618073694.8795714
GSpd;0.0;1618073694.8795714
Hdg;220.17001342773;1618073694.8806014
ch1;-1024.0;1618073694.8815713
ch2;-1024.0;1618073694.8825674
ch3;-1024.0;1618073694.8835642
ch4;-1024.0;1618073694.8835642
RSSI;76.0;1618073694.884562
Roll;4.0;1618073694.8855593
Ptch;0.0;1618073694.8925686
GPS;[0.91331745, 0.4391192333333334];1618073694.9005158
Curr;0.0;1618073694.901513
AccX;0.010000000707805;1618073694.9074972
AccY;0.080000005662441;1618073694.912484
AccZ;1.0;1618073694.9134812
dPrs;-21.0;1618073694.9174705
Bat1;25.200000762939;1618073694.9184678
Bat2;8.3900003433228;1618073694.9194653
Alt;5.9000000953674;1618073694.9204621
GAlt;220.10000610352;1618073694.9224577
GSpd;0.0;1618073694.9234545
Hdg;220.17001342773;1618073694.9244552
ch1;-1024.0;1618073694.9254522
ch2;-1024.0;1618073694.926447
ch3;-1024.0;1618073694.9274437
ch4;-1024.0;1618073694.9284408
RSSI;76.0;1618073694.9284408
Roll;4.0;1618073694.929438
Ptch;0.0;1618073694.9364195
GPS;[0.91331745, 0.4391192333333334];1618073694.9453957
Curr;0.0;1618073694.9463923
AccX;0.010000000707805;1618073694.9523766
AccY;0.080000005662441;1618073694.957368
AccZ;1.0;1618073694.9583924
dPrs;-21.0;1618073694.9633477
Bat1;25.200000762939;1618073694.964345
Bat2;8.3900003433228;1618073694.9653425
Alt;5.9000000953674;1618073694.9663396
GAlt;220.10000610352;1618073694.9683347
GSpd;0.0;1618073694.969331
Hdg;220.17001342773;1618073694.9703286
ch1;-1024.0;1618073694.9713264
ch2;-1024.0;1618073694.972324
ch3;-1024.0;1618073694.972324
ch4;-1024.0;1618073694.974318
RSSI;69.0;1618073694.974318
Roll;4.0;1618073694.9753146
Ptch;0.0;1618073694.9763126
GPS;[0.91331745, 0.4391192333333334];1618073694.990279
Curr;0.0;1618073694.9913058
AccX;0.010000000707805;1618073694.997257
AccY;0.080000005662441;1618073695.0012476
AccZ;1.0;1618073695.0022433
dPrs;-21.0;1618073695.0032403
Bat1;25.200000762939;1618073695.0082278
Bat2;8.3900003433228;1618073695.0102224
Alt;5.9000000953674;1618073695.0112193
GAlt;220.10000610352;1618073695.0132139
GSpd;0.0;1618073695.0132139
Hdg;220.17001342773;1618073695.0142114
ch1;-1024.0;1618073695.015209
ch2;-1024.0;1618073695.016209
ch3;-1024.0;1618073695.0172038
ch4;-1024.0;1618073695.0182009
RSSI;69.0;1618073695.018635
Roll;4.0;1618073695.019636
Ptch;0.0;1618073695.0276153
GPS;[0.91331745, 0.4391192333333334];1618073695.0355933
Curr;0.0;1618073695.0365906
AccX;0.010000000707805;1618073695.041577
AccY;0.080000005662441;1618073695.046564
AccZ;1.0;1618073695.0475612
dPrs;-21.0;1618073695.051582
Bat1;25.200000762939;1618073695.0525496
Bat2;8.3900003433228;1618073695.0545425
Alt;5.9000000953674;1618073695.05554
GAlt;220.10000610352;1618073695.0575678
GSpd;0.0;1618073695.0585635
Hdg;220.17001342773;1618073695.0595293
ch1;-1024.0;1618073695.0605266
ch2;-1024.0;1618073695.0605266
ch3;-1024.0;1618073695.0615237
ch4;-1024.0;1618073695.0625215
RSSI;69.0;1618073695.0635188
Roll;4.0;1618073695.0635188
Ptch;0.0;1618073695.0715017
GPS;[0.91331745, 0.4391192333333334];1618073695.0804741
Curr;0.0;1618073695.0814722
AccX;0.010000000707805;1618073695.087455
AccY;0.080000005662441;1618073695.0924416
AccZ;1.0;1618073695.0934386
dPrs;-21.0;1618073695.0974598
Bat1;25.200000762939;1618073695.098425
Bat2;8.3900003433228;1618073695.1004195
Alt;5.9000000953674;1618073695.101417
GAlt;220.10000610352;1618073695.1034122
GSpd;0.0;1618073695.1034122
Hdg;220.17001342773;1618073695.1044087
ch1;-1024.0;1618073695.1054068
ch2;-1024.0;1618073695.1064043
ch3;-1024.0;1618073695.1074054
ch4;-1024.0;1618073695.1083987
RSSI;69.0;1618073695.1093962
Roll;4.0;1618073695.1093962
Ptch;0.0;1618073695.117374
GPS;[0.91331745, 0.4391192333333334];1618073695.1253536
Curr;0.0;1618073695.12635
AccX;0.010000000707805;1618073695.1323347
AccY;0.080000005662441;1618073695.1373215
AccZ;1.0;1618073695.1383185
dPrs;-21.0;1618073695.1433046
Bat1;25.200000762939;1618073695.1443028
Bat2;8.3900003433228;1618073695.1453004
Alt;5.9000000953674;1618073695.1462975
GAlt;220.10000610352;1618073695.148292
GSpd;0.0;1618073695.1492887
Hdg;220.17001342773;1618073695.1502864
ch1;-1024.0;1618073695.1512842
ch2;-1024.0;1618073695.1522813
ch3;-1024.0;1618073695.1533105
ch4;-1024.0;1618073695.1542761
RSSI;69.0;1618073695.1542761
Roll;4.0;1618073695.155275
Ptch;0.0;1618073695.1632845
GPS;[0.91331745, 0.4391192333333334];1618073695.172228
Curr;0.0;1618073695.1732259
AccX;0.010000000707805;1618073695.1792097
AccY;0.080000005662441;1618073695.184196
AccZ;1.0;1618073695.1851926
dPrs;-21.0;1618073695.1901803
Bat1;25.200000762939;1618073695.1912122
Bat2;8.3900003433228;1618073695.1922066
Alt;5.9000000953674;1618073695.1941693
GAlt;220.10000610352;1618073695.1961637
GSpd;0.0;1618073695.1961637
Hdg;220.17001342773;1618073695.1981585
ch1;-1024.0;1618073695.1981585
ch2;-1024.0;1618073695.1991565
ch3;-1024.0;1618073695.2001534
ch4;-1024.0;1618073695.2011507
RSSI;69.0;1618073695.2021482
Roll;4.0;1618073695.2021482
Ptch;0.0;1618073695.210159
GPS;[0.91331745, 0.4391192333333334];1618073695.2191026
Curr;0.0;1618073695.2191026
AccX;0.010000000707805;1618073695.225086
AccY;0.080000005662441;1618073695.2310708
AccZ;1.0;1618073695.2310708
dPrs;-21.0;1618073695.2360935
Bat1;25.200000762939;1618073695.2370548
Bat2;8.3900003433228;1618073695.239049
Alt;5.9000000953674;1618073695.2400467
GAlt;220.10000610352;1618073695.242041
GSpd;0.0;1618073695.2430382
Hdg;220.17001342773;1618073695.244035
ch1;-1024.0;1618073695.2450333
ch2;-1024.0;1618073695.2460306
ch3;-1024.0;1618073695.2460306
ch4;-1024.0;1618073695.2470272
RSSI;68.0;1618073695.2480242
Roll;4.0;1618073695.249022
Ptch;0.0;1618073695.2560384
GPS;[0.91331745, 0.4391192333333334];1618073695.2649796
Curr;0.0;1618073695.2649796
AccX;0.010000000707805;1618073695.2709641
AccY;0.080000005662441;1618073695.2759507
AccZ;1.0;1618073695.2769475
dPrs;-21.0;1618073695.2819726
Bat1;25.200000762939;1618073695.282932
Bat2;8.3900003433228;1618073695.283929
Alt;5.9000000953674;1618073695.285924
GAlt;220.10000610352;1618073695.2879186
GSpd;0.0;1618073695.2879186
Hdg;220.17001342773;1618073695.2899137
ch1;-1024.0;1618073695.2909155
ch2;-1024.0;1618073695.291908
ch3;-1024.0;1618073695.2929053
ch4;-1024.0;1618073695.2929053
RSSI;68.0;1618073695.2939098
Roll;4.0;1618073695.2948997
Ptch;0.0;1618073695.3028786
GPS;[0.91331745, 0.4391192333333334];1618073695.3108573
Curr;0.0;1618073695.311854
AccX;0.010000000707805;1618073695.3178391
AccY;0.080000005662441;1618073695.3228247
AccZ;1.0;1618073695.323822
dPrs;-21.0;1618073695.3278449
Bat1;25.200000762939;1618073695.329806
Bat2;8.3900003433228;1618073695.3308036
Alt;5.9000000953674;1618073695.3318012
GAlt;220.10000610352;1618073695.3338277
GSpd;0.0;1618073695.3347929
Hdg;220.17001342773;1618073695.3357892
ch1;-1024.0;1618073695.3367877
ch2;-1024.0;1618073695.337785
ch3;-1024.0;1618073695.338783
ch4;-1024.0;1618073695.338783
RSSI;68.0;1618073695.3397806
Roll;4.0;1618073695.340777
Ptch;0.0;1618073695.3487563
GPS;[0.91331745, 0.4391192333333334];1618073695.3567348
Curr;0.0;1618073695.3577318
AccX;0.010000000707805;1618073695.3637154
AccY;0.080000005662441;1618073695.36982
AccZ;1.0;1618073695.36982
dPrs;-21.0;1618073695.3748386
Bat1;25.200000762939;1618073695.3758042
Bat2;8.3900003433228;1618073695.3777983
Alt;5.9000000953674;1618073695.3788302
GAlt;220.10000610352;1618073695.3807907
GSpd;0.0;1618073695.3817875
Hdg;220.17001342773;1618073695.3827853
ch1;-1024.0;1618073695.3837824
ch2;-1024.0;1618073695.3837824
ch3;-1024.0;1618073695.3847795
ch4;-1024.0;1618073695.385777
RSSI;68.0;1618073695.3867743
Roll;4.0;1618073695.387772
Ptch;0.0;1618073695.3947847
GPS;[0.91331745, 0.4391192333333334];1618073695.4037302
Curr;0.0;1618073695.4037302
AccX;0.010000000707805;1618073695.4097135
AccY;0.080000005662441;1618073695.4147003
AccZ;1.0;1618073695.4147003
dPrs;-21.0;1618073695.4197178
Bat1;25.200000762939;1618073695.420684
Bat2;8.3900003433228;1618073695.421681
Alt;5.9000000953674;1618073695.4236777
GAlt;220.10000610352;1618073695.4256706
GSpd;0.0;1618073695.4266684
Hdg;220.17001342773;1618073695.4276667
ch1;-1024.0;1618073695.4286623
ch2;-1024.0;1618073695.4296598
ch3;-1024.0;1618073695.430657
ch4;-1024.0;1618073695.430657
RSSI;68.0;1618073695.4316547
Roll;4.0;1618073695.4326518
Ptch;0.0;1618073695.4396365
GPS;[0.91331745, 0.4391192333333334];1618073695.4476113
Curr;0.0;1618073695.4486108
AccX;0.010000000707805;1618073695.4545932
AccY;0.080000005662441;1618073695.4595802
AccZ;1.0;1618073695.4605772
dPrs;-21.0;1618073695.4645984
Bat1;25.200000762939;1618073695.4655633
Bat2;8.3900003433228;1618073695.4675589
Alt;5.9000000953674;1618073695.4685557
GAlt;220.10000610352;1618073695.4705505
GSpd;0.0;1618073695.4705505
Hdg;220.17001342773;1618073695.4715474
ch1;-1024.0;1618073695.4725454
ch2;-1024.0;1618073695.4735422
ch3;-1024.0;1618073695.4745753
ch4;-1024.0;1618073695.4755373
RSSI;68.0;1618073695.4765344
Roll;4.0;1618073695.4765344
Ptch;0.0;1618073695.4845471
GPS;[0.91331745, 0.4391192333333334];1618073695.4934893
Curr;0.0;1618073695.4944866
AccX;0.010000000707805;1618073695.4994726
AccY;0.080000005662441;1618073695.5044596
AccZ;1.0;1618073695.505457
dPrs;-21.0;1618073695.5094788
Bat1;25.200000762939;1618073695.5114415
Bat2;8.3900003433228;1618073695.512438
Alt;4.2000002861023;1618073695.5134358
GAlt;220.10000610352;1618073695.5154307
GSpd;0.0;1618073695.5154307
Hdg;220.17001342773;1618073695.5164273
ch1;-1024.0;1618073695.5174246
ch2;-1024.0;1618073695.5184226
ch3;-1024.0;1618073695.51942
ch4;-1024.0;1618073695.5204177
RSSI;68.0;1618073695.5214148
Roll;4.0;1618073695.5214148
Ptch;0.0;1618073695.53039
GPS;[0.91331745, 0.4391192333333334];1618073695.5383682
Curr;0.0;1618073695.5393667
AccX;0.010000000707805;1618073695.5453825
AccY;0.080000005662441;1618073695.5503685
AccZ;1.0;1618073695.5513344
dPrs;-21.0;1618073695.5513344
Bat1;25.200000762939;1618073695.5573223
Bat2;8.3900003433228;1618073695.558316
Alt;4.2000002861023;1618073695.559313
GAlt;220.10000610352;1618073695.5613074
GSpd;0.0;1618073695.562305
Hdg;220.17001342773;1618073695.5633018
ch1;-1024.0;1618073695.5642998
ch2;-1024.0;1618073695.5642998
ch3;-1024.0;1618073695.5652966
ch4;-1024.0;1618073695.5662944
RSSI;75.0;1618073695.567292
Roll;4.0;1618073695.567292
Ptch;0.0;1618073695.5752738
GPS;[0.91331745, 0.4391192333333334];1618073695.5852442
Curr;0.0;1618073695.5862412
AccX;0.010000000707805;1618073695.5912616
AccY;0.080000005662441;1618073695.5962486
AccZ;1.0;1618073695.5972114
dPrs;-21.0;1618073695.6021986
Bat1;25.200000762939;1618073695.603196
Bat2;8.3900003433228;1618073695.604193
Alt;4.2000002861023;1618073695.605191
GAlt;220.10000610352;1618073695.6071908
GSpd;0.0;1618073695.6082146
Hdg;220.17001342773;1618073695.6091797
ch1;-1024.0;1618073695.6101778
ch2;-1024.0;1618073695.6101778
ch3;-1024.0;1618073695.611182
ch4;-1024.0;1618073695.6121712
RSSI;75.0;1618073695.6131687
Roll;4.0;1618073695.6131687
Ptch;0.0;1618073695.6211793
GPS;[0.91331745, 0.4391192333333334];1618073695.6291275
Curr;0.0;1618073695.6301236
AccX;0.010000000707805;1618073695.6351104
AccY;0.080000005662441;1618073695.6400967
AccZ;1.0;1618073695.6400967
dPrs;-21.0;1618073695.6451154
Bat1;25.200000762939;1618073695.6460826
Bat2;8.3900003433228;1618073695.6480756
Alt;4.2000002861023;1618073695.6490731
GAlt;220.10000610352;1618073695.651068
GSpd;0.0;1618073695.651068
Hdg;220.17001342773;1618073695.6520646
ch1;-1024.0;1618073695.6530623
ch2;-1024.0;1618073695.65406
ch3;-1024.0;1618073695.6550572
ch4;-1024.0;1618073695.6560545
Roll;4.0;1618073696.1587305
Ptch;0.0;1618073696.1777222
GPS;[0.91331745, 0.4391192333333334];1618073696.1876838
Curr;0.0;1618073696.1886818
AccX;0.010000000707805;1618073696.1946337
AccY;0.080000005662441;1618073696.1986463
AccZ;1.0;1618073696.1996224
dPrs;-21.0;1618073696.2036126
Bat1;25.200000762939;1618073696.2046342
Bat2;8.3900003433228;1618073696.2056315
Alt;4.2000002861023;1618073696.206601
GAlt;220.10000610352;1618073696.2086244
GSpd;0.0;1618073696.2086244
Hdg;220.17001342773;1618073696.209621
ch1;-1024.0;1618073696.2106194
ch2;-1024.0;1618073696.2106194
ch3;-1024.0;1618073696.211616
ch4;-1024.0;1618073696.2126133
RSSI;75.0;1618073696.2126133
Roll;4.0;1618073696.2136104
Ptch;0.0;1618073696.2195947
GPS;[0.91331745, 0.4391192333333334];1618073696.2255838
Curr;0.0;1618073696.2265756
AccX;0.010000000707805;1618073696.2305677
AccY;0.080000005662441;1618073696.2345545
AccZ;1.0;1618073696.2345545
dPrs;-21.0;1618073696.2385166
Bat1;25.200000762939;1618073696.2385166
Bat2;8.3900003433228;1618073696.2395484
Alt;4.2000002861023;1618073696.2405477
GAlt;220.10000610352;1618073696.2425334
GSpd;0.0;1618073696.2425334
Hdg;220.17001342773;1618073696.243531
ch1;-1024.0;1618073696.2445333
ch2;-1024.0;1618073696.2445333
ch3;-1024.0;1618073696.2455256
ch4;-1024.0;1618073696.2465258
RSSI;75.0;1618073696.2465258
Roll;4.0;1618073696.2475204
Ptch;0.0;1618073696.2534761
GPS;[0.91331745, 0.4391192333333334];1618073696.2544715
Curr;0.0;1618073696.2604585
AccX;0.010000000707805;1618073696.2644742
AccY;0.080000005662441;1618073696.2684639
AccZ;1.0;1618073696.2684639
dPrs;-21.0;1618073696.2694342
Bat1;25.200000762939;1618073696.2734568
Bat2;8.3900003433228;1618073696.274448
Alt;4.2000002861023;1618073696.2754462
GAlt;220.10000610352;1618073696.2774405
GSpd;0.0;1618073696.2774405
Hdg;220.17001342773;1618073696.2784398
ch1;-1024.0;1618073696.2784398
ch2;-1024.0;1618073696.2794356
ch3;-1024.0;1618073696.2804325
ch4;-1024.0;1618073696.2804325
RSSI;75.0;1618073696.2814474
Roll;4.0;1618073696.2814474
Ptch;0.0;1618073696.2873847
GPS;[0.91331745, 0.4391192333333334];1618073696.2943969
Curr;0.0;1618073696.2943969
AccX;0.010000000707805;1618073696.2983842
AccY;0.080000005662441;1618073696.3033705
AccZ;1.0;1618073696.3033705
dPrs;-21.0;1618073696.3073618
Bat1;25.200000762939;1618073696.3083613
Bat2;8.3900003433228;1618073696.309355
Alt;4.2000002861023;1618073696.309355
GAlt;220.10000610352;1618073696.31135
GSpd;0.0;1618073696.31135
Hdg;220.17001342773;1618073696.3123462
ch1;-1024.0;1618073696.3133156
ch2;-1024.0;1618073696.3133156
ch3;-1024.0;1618073696.3143413
ch4;-1024.0;1618073696.3153396
RSSI;76.0;1618073696.3153396
Roll;4.0;1618073696.3163362
Ptch;0.0;1618073696.3213222
GPS;[0.91331745, 0.4391192333333334];1618073696.328304
Curr;0.0;1618073696.328304
AccX;0.010000000707805;1618073696.3332915
AccY;0.080000005662441;1618073696.3342595
AccZ;1.0;1618073696.3372798
dPrs;-21.0;1618073696.34127
Bat1;25.200000762939;1618073696.3422692
Bat2;8.3900003433228;1618073696.343264
Alt;4.2000002861023;1618073696.343264
GAlt;220.10000610352;1618073696.3452628
GSpd;0.0;1618073696.3452628
Hdg;220.17001342773;1618073696.3462567
ch1;-1024.0;1618073696.3472538
ch2;-1024.0;1618073696.3472538
ch3;-1024.0;1618073696.3482506
ch4;-1024.0;1618073696.3492482
RSSI;76.0;1618073696.3492482
Roll;4.0;1618073696.3502479
Ptch;0.0;1618073696.3561997
GPS;[0.91331745, 0.4391192333333334];1618073696.3631809
Curr;0.0;1618073696.3631809
AccX;0.010000000707805;1618073696.3641803
AccY;0.080000005662441;1618073696.3721874
AccZ;1.0;1618073696.3731556
dPrs;-21.0;1618073696.3761764
Bat1;25.200000762939;1618073696.3771758
Bat2;8.3900003433228;1618073696.3781445
Alt;4.2000002861023;1618073696.3791683
GAlt;220.10000610352;1618073696.3811624
GSpd;0.0;1618073696.3811624
Hdg;220.17001342773;1618073696.3821712
ch1;-1024.0;1618073696.3831575
ch2;-1024.0;1618073696.3831575
ch3;-1024.0;1618073696.3841548
ch4;-1024.0;1618073696.3841548
RSSI;76.0;1618073696.3851514
Roll;4.0;1618073696.386156
Ptch;0.0;1618073696.3921335
GPS;[0.91331745, 0.4391192333333334];1618073696.3980923
Curr;0.0;1618073696.399086
AccX;0.010000000707805;1618073696.4031045
AccY;0.080000005662441;1618073696.4070632
AccZ;1.0;1618073696.408091
dPrs;-21.0;1618073696.4110835
Bat1;25.200000762939;1618073696.4120805
Bat2;8.3900003433228;1618073696.4140482
Alt;4.2000002861023;1618073696.4150648
GAlt;220.10000610352;1618073696.4160697
GSpd;0.0;1618073696.4170663
Hdg;220.17001342773;1618073696.4180644
ch1;-1024.0;1618073696.4180644
ch2;-1024.0;1618073696.4190774
ch3;-1024.0;1618073696.4200587
ch4;-1024.0;1618073696.4200587
RSSI;76.0;1618073696.421056
Roll;4.0;1618073696.421056
Ptch;0.0;1618073696.4280114
GPS;[0.91331745, 0.4391192333333334];1618073696.4340234
Curr;0.0;1618073696.4350111
AccX;0.010000000707805;1618073696.4390078
AccY;0.080000005662441;1618073696.4439662
AccZ;1.0;1618073696.4439662
dPrs;-21.0;1618073696.4449925
Bat1;25.200000762939;1618073696.4489815
Bat2;8.3900003433228;1618073696.449979
Alt;4.2000002861023;1618073696.4509766
GAlt;220.10000610352;1618073696.451979
GSpd;0.0;1618073696.4529705
Hdg;220.17001342773;1618073696.4539702
ch1;-1024.0;1618073696.4539702
ch2;-1024.0;1618073696.4549656
ch3;-1024.0;1618073696.4549656
ch4;-1024.0;1618073696.4559693
RSSI;76.0;1618073696.456932
Roll;4.0;1618073696.4579616
Ptch;0.0;1618073696.463942
GPS;[0.91331745, 0.4391192333333334];1618073696.4699278
Curr;0.0;1618073696.4709322
AccX;0.010000000707805;1618073696.4758832
AccY;0.080000005662441;1618073696.4798985
AccZ;1.0;1618073696.4798985
dPrs;-21.0;1618073696.4838881
Bat1;25.200000762939;1618073696.484885
Bat2;8.3900003433228;1618073696.4858875
Alt;4.2000002861023;1618073696.48688
GAlt;220.10000610352;1618073696.4878502
GSpd;0.0;1618073696.4888742
Hdg;220.17001342773;1618073696.4898734
ch1;-1024.0;1618073696.4908412
ch2;-1024.0;1618073696.4908412
ch3;-1024.0;1618073696.4918666
ch4;-1024.0;1618073696.4918666
RSSI;76.0;1618073696.4928637
Roll;4.0;1618073696.493865
Ptch;0.0;1618073696.4998457
GPS;[0.91331745, 0.4391192333333334];1618073696.506798
Curr;0.0;1618073696.507831
AccX;0.010000000707805;1618073696.5118134
AccY;0.080000005662441;1618073696.5168009
AccZ;1.0;1618073696.5168009
dPrs;-21.0;1618073696.5207598
Bat1;25.200000762939;1618073696.5227542
Bat2;8.3900003433228;1618073696.5237567
Alt;4.2000002861023;1618073696.5247517
GAlt;220.10000610352;1618073696.5264797
GSpd;0.0;1618073696.527477
Hdg;220.17001342773;1618073696.5284739
ch1;-1024.0;1618073696.5284739
ch2;-1024.0;1618073696.529472
ch3;-1024.0;1618073696.5304692
ch4;-1024.0;1618073696.5304692
RSSI;76.0;1618073696.531466
Roll;4.0;1618073696.531466
Ptch;0.0;1618073696.5384488
GPS;[0.91331745, 0.4391192333333334];1618073696.5454295
Curr;0.0;1618073696.546426
AccX;0.010000000707805;1618073696.5504487
AccY;0.080000005662441;1618073696.5514133
AccZ;1.0;1618073696.555435
dPrs;-21.0;1618073696.5603902
Bat1;25.200000762939;1618073696.5613868
Bat2;8.3900003433228;1618073696.562384
Alt;4.2000002861023;1618073696.5633812
GAlt;220.10000610352;1618073696.564385
GSpd;0.0;1618073696.565376
Hdg;220.17001342773;1618073696.5663733
ch1;-1024.0;1618073696.5663733
ch2;-1024.0;1618073696.5673704
ch3;-1024.0;1618073696.568368
ch4;-1024.0;1618073696.568368
RSSI;70.0;1618073696.5693648
Roll;4.0;1618073696.5703626
Ptch;0.0;1618073696.5763767
GPS;[0.91331745, 0.4391192333333334];1618073696.5843267
Curr;0.0;1618073696.5843267
AccX;0.010000000707805;1618073696.5893116
AccY;0.080000005662441;1618073696.5943022
AccZ;1.0;1618073696.5952988
dPrs;-21.0;1618073696.5993156
Bat1;25.200000762939;1618073696.6002834
Bat2;8.3900003433228;1618073696.6012802
Alt;4.2000002861023;1618073696.6022768
GAlt;220.10000610352;1618073696.6042721
GSpd;0.0;1618073696.6042721
Hdg;220.17001342773;1618073696.6052687
ch1;-1024.0;1618073696.6062675
ch2;-1024.0;1618073696.6072652
ch3;-1024.0;1618073696.6082613
ch4;-1024.0;1618073696.6082613
RSSI;70.0;1618073696.6092587
Roll;4.0;1618073696.610256
Ptch;0.0;1618073696.6162708
GPS;[0.91331745, 0.4391192333333334];1618073696.6232255
Curr;0.0;1618073696.6242187
AccX;0.010000000707805;1618073696.6282392
AccY;0.080000005662441;1618073696.6332247
AccZ;1.0;1618073696.6341915
dPrs;-21.0;1618073696.6381814
Bat1;25.200000762939;1618073696.6391783
Bat2;8.3900003433228;1618073696.640176
Alt;4.2000002861023;1618073696.641173
GAlt;220.10000610352;1618073696.6421783
GSpd;0.0;1618073696.643168
Hdg;220.17001342773;1618073696.6441646
ch1;-1024.0;1618073696.6451623
ch2;-1024.0;1618073696.6451623
ch3;-1024.0;1618073696.64616
ch4;-1024.0;1618073696.6471572
RSSI;70.0;1618073696.6471572
Roll;4.0;1618073696.6481547
Ptch;0.0;1618073696.6541703
GPS;[0.91331745, 0.4391192333333334];1618073696.6621177
Curr;0.0;1618073696.6621177
AccX;0.010000000707805;1618073696.667104
AccY;0.080000005662441;1618073696.6710932
AccZ;1.0;1618073696.6720905
dPrs;-21.0;1618073696.67608
Bat1;25.200000762939;1618073696.677077
Bat2;8.3900003433228;1618073696.6780744
Alt;4.2000002861023;1618073696.679072
GAlt;220.10000610352;1618073696.6810665
GSpd;0.0;1618073696.6810665
Hdg;220.17001342773;1618073696.6820636
ch1;-1024.0;1618073696.683061
ch2;-1024.0;1618073696.6840587
ch3;-1024.0;1618073696.6840587
ch4;-1024.0;1618073696.6850557
RSSI;70.0;1618073696.6860528
Roll;4.0;1618073696.6860528
Ptch;0.0;1618073696.6930642
GPS;[0.91331745, 0.4391192333333334];1618073696.700016
Curr;0.0;1618073696.7010133
AccX;0.010000000707805;1618073696.7050335
AccY;0.080000005662441;1618073696.7099888
AccZ;1.0;1618073696.7109869
dPrs;-21.0;1618073696.714976
Bat1;25.200000762939;1618073696.7159734
Bat2;8.3900003433228;1618073696.7169704
Alt;4.2000002861023;1618073696.7169704
GAlt;220.10000610352;1618073696.719001
GSpd;0.0;1618073696.7199624
Hdg;220.17001342773;1618073696.72096
ch1;-1024.0;1618073696.7219574
ch2;-1024.0;1618073696.7219574
ch3;-1024.0;1618073696.722955
ch4;-1024.0;1618073696.7239552
RSSI;70.0;1618073696.7249494
Roll;4.0;1618073696.7249494
Ptch;0.0;1618073696.7319307
GPS;[0.91331745, 0.4391192333333334];1618073696.7389123
Curr;0.0;1618073696.7389123
AccX;0.010000000707805;1618073696.7438989
AccY;0.080000005662441;1618073696.7478874
AccZ;1.0;1618073696.748885
dPrs;-21.0;1618073696.7519076
Bat1;25.200000762939;1618073696.7538714
Bat2;8.3900003433228;1618073696.7548692
Alt;4.2000002861023;1618073696.7558665
GAlt;220.10000610352;1618073696.7568672
GSpd;0.0;1618073696.7578936
Hdg;220.17001342773;1618073696.7588894
ch1;-1024.0;1618073696.7598562
ch2;-1024.0;1618073696.7598562
ch3;-1024.0;1618073696.7608528
ch4;-1024.0;1618073696.761851
RSSI;70.0;1618073696.761851
Roll;4.0;1618073696.762847
Ptch;0.0;1618073696.7688618
GPS;[0.91331745, 0.4391192333333334];1618073696.7768106
Curr;0.0;1618073696.7768106
AccX;0.010000000707805;1618073696.781797
AccY;0.080000005662441;1618073696.7857866
AccZ;1.0;1618073696.7867854
dPrs;-4.0;1618073696.790805
Bat1;25.200000762939;1618073696.7917702
Bat2;8.3900003433228;1618073696.792768
Alt;4.2000002861023;1618073696.7937646
GAlt;220.10000610352;1618073696.79576
GSpd;0.0;1618073696.79576
Hdg;220.17001342773;1618073696.7967565
ch1;-1024.0;1618073696.7977545
ch2;-1024.0;1618073696.7977545
ch3;-1024.0;1618073696.7987533
ch4;-1024.0;1618073696.7997491
RSSI;73.0;1618073696.7997491
Roll;4.0;1618073696.8007462
Ptch;0.0;1618073696.8077285
GPS;[0.91331745, 0.4391192333333334];1618073696.8147092
Curr;0.0;1618073696.8147092
AccX;0.010000000707805;1618073696.8196955
AccY;0.080000005662441;1618073696.8236885
AccZ;1.0;1618073696.8246825
dPrs;-4.0;1618073696.8286715
Bat1;25.200000762939;1618073696.8296692
Bat2;8.3900003433228;1618073696.830666
Alt;4.2000002861023;1618073696.8316631
GAlt;220.10000610352;1618073696.8336587
GSpd;0.0;1618073696.8336587
Hdg;220.17001342773;1618073696.834655
ch1;-1024.0;1618073696.835653
ch2;-1024.0;1618073696.835653
ch3;-1024.0;1618073696.836962
ch4;-1024.0;1618073696.8379931
RSSI;73.0;1618073696.8379931
Roll;4.0;1618073696.838997
Ptch;0.0;1618073696.8459713
GPS;[0.91331745, 0.4391192333333334];1618073696.8529227
Curr;0.0;1618073696.85392
AccX;0.010000000707805;1618073696.8579092
AccY;0.080000005662441;1618073696.8628983
AccZ;1.0;1618073696.8638947
dPrs;-4.0;1618073696.8669152
Bat1;25.200000762939;1618073696.867884
Bat2;8.3900003433228;1618073696.868911
Alt;4.2000002861023;1618073696.8699086
GAlt;220.10000610352;1618073696.8719027
GSpd;0.0;1618073696.872869
Hdg;220.17001342773;1618073696.8738668
ch1;-1024.0;1618073696.8738668
ch2;-1024.0;1618073696.8748944
ch3;-1024.0;1618073696.8758914
ch4;-1024.0;1618073696.87689
RSSI;73.0;1618073696.87689
Roll;4.0;1618073696.8778863
Ptch;0.0;1618073696.8838704
GPS;[0.91331745, 0.4391192333333334];1618073696.8908482
Curr;0.0;1618073696.8918493
AccX;0.010000000707805;1618073696.8968072
AccY;0.080000005662441;1618073696.9008274
AccZ;1.0;1618073696.901823
dPrs;-4.0;1618073696.9058182
Bat1;25.200000762939;1618073696.9067802
Bat2;8.3900003433228;1618073696.9078062
Alt;4.2000002861023;1618073696.9088047
GAlt;220.10000610352;1618073696.9107678
GSpd;0.0;1618073696.9107678
Hdg;220.17001342773;1618073696.9117658
ch1;-1024.0;1618073696.9127932
ch2;-1024.0;1618073696.9127932
ch3;-1024.0;1618073696.9137917
ch4;-1024.0;1618073696.9147937
RSSI;73.0;1618073696.9147937
Roll;4.0;1618073696.915777
Ptch;0.0;1618073696.9217706
GPS;[0.91331745, 0.4391192333333334];1618073696.9297187
Curr;0.0;1618073696.9297187
AccX;0.010000000707805;1618073696.934734
AccY;0.080000005662441;1618073696.9396923
AccZ;1.0;1618073696.9396923
dPrs;-4.0;1618073696.9437103
Bat1;25.200000762939;1618073696.944708
Bat2;8.3900003433228;1618073696.9457111
Alt;4.2000002861023;1618073696.9467022
GAlt;220.10000610352;1618073696.9486978
GSpd;0.0;1618073696.9486978
Hdg;220.17001342773;1618073696.9496946
ch1;-1024.0;1618073696.9506912
ch2;-1024.0;1618073696.95169
ch3;-1024.0;1618073696.95169
ch4;-1024.0;1618073696.9527006
RSSI;73.0;1618073696.9536848
Roll;4.0;1618073696.9536848
Ptch;0.0;1618073696.960666
GPS;[0.91331745, 0.4391192333333334];1618073696.9676526
Curr;0.0;1618073696.968645
AccX;0.010000000707805;1618073696.9726021
AccY;0.080000005662441;1618073696.977621
AccZ;1.0;1618073696.977621
dPrs;-4.0;1618073696.9815798
Bat1;25.200000762939;1618073696.9826062
Bat2;8.3900003433228;1618073696.9836032
Alt;4.2000002861023;1618073696.9846008
GAlt;220.10000610352;1618073696.9865954
GSpd;0.0;1618073696.9865954
Hdg;220.17001342773;1618073696.9875927
ch1;-1024.0;1618073696.9885917
ch2;-1024.0;1618073696.9895594
ch3;-1024.0;1618073696.9895594
ch4;-1024.0;1618073696.990585
RSSI;73.0;1618073696.9915822
Roll;4.0;1618073696.9915822
Ptch;0.0;1618073696.9985633
GPS;[0.91331745, 0.4391192333333334];1618073697.0055175
Curr;0.0;1618073697.0055175
AccX;0.010000000707805;1618073697.0105333
AccY;0.080000005662441;1618073697.014521
AccZ;1.0;1618073697.0155277
dPrs;-4.0;1618073697.0195088
Bat1;25.200000762939;1618073697.020506
Bat2;8.3900003433228;1618073697.0215023
Alt;4.2000002861023;1618073697.0224996
GAlt;220.10000610352;1618073697.0244641
GSpd;0.0;1618073697.0244641
Hdg;220.17001342773;1618073697.0254612
ch1;-1024.0;1618073697.0264895
ch2;-1024.0;1618073697.0264895
ch3;-1024.0;1618073697.0274858
ch4;-1024.0;1618073697.0284846
RSSI;73.0;1618073697.0284846
Roll;4.0;1618073697.029481
Ptch;0.0;1618073697.0364318
GPS;[0.91331745, 0.4391192333333334];1618073697.0434434
Curr;0.0;1618073697.0434434
AccX;0.010000000707805;1618073697.0484343
AccY;0.080000005662441;1618073697.0524204
AccZ;1.0;1618073697.0533862
dPrs;-4.0;1618073697.0533862
Bat1;25.200000762939;1618073697.058403
Bat2;8.3900003433228;1618073697.0594018
Alt;4.2000002861023;1618073697.0603707
GAlt;220.10000610352;1618073697.0623643
GSpd;0.0;1618073697.0623643
Hdg;220.17001342773;1618073697.0633624
ch1;-1024.0;1618073697.0643594
ch2;-1024.0;1618073697.0653567
ch3;-1024.0;1618073697.0653567
ch4;-1024.0;1618073697.0663545
RSSI;77.0;1618073697.0673513
Roll;4.0;1618073697.0673513
Ptch;0.0;1618073697.0753586
GPS;[0.91331745, 0.4391192333333334];1618073697.0823195
Curr;0.0;1618073697.0833378
AccX;0.010000000707805;1618073697.088325
AccY;0.080000005662441;1618073697.0933108
AccZ;1.0;1618073697.0943077
dPrs;-4.0;1618073697.0982983
Bat1;25.200000762939;1618073697.0992997
Bat2;8.3900003433228;1618073697.100293
Alt;4.2000002861023;1618073697.1012905
GAlt;220.10000610352;1618073697.1032834
GSpd;0.0;1618073697.1032834
Hdg;220.17001342773;1618073697.1042535
ch1;-1024.0;1618073697.1052818
ch2;-1024.0;1618073697.1062477
ch3;-1024.0;1618073697.1062477
ch4;-1024.0;1618073697.107243
RSSI;77.0;1618073697.1082714
Roll;4.0;1618073697.1092682
Ptch;0.0;1618073697.116224
GPS;[0.91331745, 0.4391192333333334];1618073697.1232405
Curr;0.0;1618073697.12423
AccX;0.010000000707805;1618073697.1292157
AccY;0.080000005662441;1618073697.1332066
AccZ;1.0;1618073697.134207
dPrs;-4.0;1618073697.1381924
Bat1;25.200000762939;1618073697.1391883
Bat2;8.3900003433228;1618073697.1401634
Alt;4.2000002861023;1618073697.1411548
GAlt;220.10000610352;1618073697.1431491
GSpd;0.0;1618073697.1441467
Hdg;220.17001342773;1618073697.1451435
ch1;-1024.0;1618073697.1461413
ch2;-1024.0;1618073697.1461413
ch3;-1024.0;1618073697.1471384
ch4;-1024.0;1618073697.1481354
RSSI;77.0;1618073697.1481354
Roll;4.0;1618073697.149133
Ptch;0.0;1618073697.1561146
GPS;[0.91331745, 0.4391192333333334];1618073697.164137
Curr;0.0;1618073697.164137
AccX;0.010000000707805;1618073697.1690786
AccY;0.080000005662441;1618073697.1740665
AccZ;1.0;1618073697.1750267
dPrs;-4.0;1618073697.176028
Bat1;25.200000762939;1618073697.180054
Bat2;8.3900003433228;1618073697.1810455
Alt;4.2000002861023;1618073697.1820426
GAlt;220.10000610352;1618073697.1840374
GSpd;0.0;1618073697.185034
Hdg;220.17001342773;1618073697.1860297
ch1;-1024.0;1618073697.1860297
ch2;-1024.0;1618073697.1870298
ch3;-1024.0;1618073697.188026
ch4;-1024.0;1618073697.188026
RSSI;77.0;1618073697.1890237
Roll;4.0;1618073697.1899903
Ptch;0.0;1618073697.1970022
GPS;[0.91331745, 0.4391192333333334];1618073697.2049813
Curr;0.0;1618073697.2059786
AccX;0.010000000707805;1618073697.2109663
AccY;0.080000005662441;1618073697.2149537
AccZ;1.0;1618073697.215955
dPrs;-4.0;1618073697.219941
Bat1;25.200000762939;1618073697.2209382
Bat2;8.3900003433228;1618073697.221936
Alt;4.2000002861023;1618073697.2229047
GAlt;220.10000610352;1618073697.2248967
GSpd;0.0;1618073697.2248967
Hdg;220.17001342773;1618073697.225894
ch1;-1024.0;1618073697.226923
ch2;-1024.0;1618073697.2279196
ch3;-1024.0;1618073697.2289176
ch4;-1024.0;1618073697.2289176
RSSI;77.0;1618073697.2299147
Roll;4.0;1618073697.2309115
Ptch;0.0;1618073697.2378635
GPS;[0.91331745, 0.4391192333333334];1618073697.2448742
Curr;0.0;1618073697.2458754
AccX;0.010000000707805;1618073697.2508585
AccY;0.080000005662441;1618073697.254853
AccZ;1.0;1618073697.255814
dPrs;-4.0;1618073697.2598033
Bat1;25.200000762939;1618073697.260832
Bat2;8.3900003433228;1618073697.2618356
Alt;4.2000002861023;1618073697.2628264
GAlt;220.10000610352;1618073697.2648215
GSpd;0.0;1618073697.2658186
Hdg;220.17001342773;1618073697.2658186
ch1;-1024.0;1618073697.266816
ch2;-1024.0;1618073697.2678146
ch3;-1024.0;1618073697.268779
ch4;-1024.0;1618073697.268779
RSSI;77.0;1618073697.269808
Roll;4.0;1618073697.270808
Ptch;0.0;1618073697.277786
GPS;[0.91331745, 0.4391192333333334];1618073697.2847674
Curr;0.0;1618073697.2857335
AccX;0.010000000707805;1618073697.2907224
AccY;0.080000005662441;1618073697.294741
AccZ;1.0;1618073697.2957385
dPrs;-4.0;1618073697.299728
Bat1;25.200000762939;1618073697.3006964
Bat2;8.3900003433228;1618073697.3017225
Alt;4.2000002861023;1618073697.3027196
GAlt;220.10000610352;1618073697.3046832
GSpd;0.0;1618073697.3056808
Hdg;220.17001342773;1618073697.3066792
ch1;-1024.0;1618073697.3066792
ch2;-1024.0;1618073697.3077116
ch3;-1024.0;1618073697.3087046
ch4;-1024.0;1618073697.3097014
RSSI;69.0;1618073697.3097014
Roll;4.0;1618073697.310698
Ptch;0.0;1618073697.31768
GPS;[0.91331745, 0.4391192333333334];1618073697.3256583
Curr;0.0;1618073697.3256583
AccX;0.010000000707805;1618073697.3316433
AccY;0.080000005662441;1618073697.3326254
AccZ;1.0;1618073697.3365977
dPrs;-4.0;1618073697.3405886
Bat1;25.200000762939;1618073697.3416162
Bat2;8.3900003433228;1618073697.342617
Alt;4.2000002861023;1618073697.3436098
GAlt;220.10000610352;1618073697.345606
GSpd;0.0;1618073697.3466024
Hdg;220.17001342773;1618073697.34757
ch1;-1024.0;1618073697.34757
ch2;-1024.0;1618073697.3485966
ch3;-1024.0;1618073697.3495948
ch4;-1024.0;1618073697.350598
RSSI;69.0;1618073697.350598
Roll;4.0;1618073697.3516078
Ptch;0.0;1618073697.3585703
GPS;[0.91331745, 0.4391192333333334];1618073697.3665197
Curr;0.0;1618073697.3665197
AccX;0.010000000707805;1618073697.3715358
AccY;0.080000005662441;1618073697.376522
AccZ;1.0;1618073697.3775191
dPrs;-4.0;1618073697.3784873
Bat1;25.200000762939;1618073697.3825066
Bat2;8.3900003433228;1618073697.3835034
Alt;4.2000002861023;1618073697.3845007
GAlt;220.10000610352;1618073697.386496
GSpd;0.0;1618073697.386496
Hdg;220.17001342773;1618073697.387493
ch1;-1024.0;1618073697.38849
ch2;-1024.0;1618073697.3894875
ch3;-1024.0;1618073697.3904853
ch4;-1024.0;1618073697.391482
RSSI;69.0;1618073697.391482
Roll;4.0;1618073697.39248
Ptch;0.0;1618073697.3994668
GPS;[0.91331745, 0.4391192333333334];1618073697.4064124
Curr;0.0;1618073697.407441
AccX;0.010000000707805;1618073697.4124258
AccY;0.080000005662441;1618073697.4174125
AccZ;1.0;1618073697.4174125
dPrs;-4.0;1618073697.4214025
Bat1;25.200000762939;1618073697.4223993
Bat2;8.3900003433228;1618073697.4253912
Alt;3.6000001430511;1618073697.4263606
GAlt;220.10000610352;1618073697.4283836
GSpd;0.0;1618073697.4293811
Hdg;220.17001342773;1618073697.430378
ch1;-1024.0;1618073697.431375
ch2;-1024.0;1618073697.4323795
ch3;-1024.0;1618073697.4323795
ch4;-1024.0;1618073697.4333389
RSSI;69.0;1618073697.434368
Roll;4.0;1618073697.434368
Ptch;0.0;1618073697.4423165
GPS;[0.91331745, 0.4391192333333334];1618073697.449327
Curr;0.0;1618073697.450325
AccX;0.010000000707805;1618073697.4553113
AccY;0.080000005662441;1618073697.4602976
AccZ;1.0;1618073697.4612958
dPrs;-4.0;1618073697.4642885
Bat1;25.200000762939;1618073697.466283
Bat2;8.3900003433228;1618073697.4672794
Alt;3.6000001430511;1618073697.4682765
GAlt;220.10000610352;1618073697.4702709
GSpd;0.0;1618073697.4702709
Hdg;220.17001342773;1618073697.4712687
ch1;-1024.0;1618073697.4712687
ch2;-1024.0;1618073697.4722347
ch3;-1024.0;1618073697.4732327
ch4;-1024.0;1618073697.4742618
RSSI;69.0;1618073697.475258
Roll;4.0;1618073697.475258
Ptch;0.0;1618073697.4822402
GPS;[0.91331745, 0.4391192333333334];1618073697.4901884
Curr;0.0;1618073697.49119
AccX;0.010000000707805;1618073697.496202
AccY;0.080000005662441;1618073697.5001922
AccZ;1.0;1618073697.5011892
dPrs;-4.0;1618073697.5051775
Bat1;25.200000762939;1618073697.5071726
Bat2;8.3900003433228;1618073697.5081706
Alt;3.6000001430511;1618073697.509168
GAlt;220.10000610352;1618073697.5111647
GSpd;0.0;1618073697.5121636
Hdg;220.17001342773;1618073697.5131571
ch1;-1024.0;1618073697.5131571
ch2;-1024.0;1618073697.514162
ch3;-1024.0;1618073697.5151577
ch4;-1024.0;1618073697.5151577
RSSI;69.0;1618073697.516149
Roll;4.0;1618073697.517146
Ptch;0.0;1618073697.5240989
GPS;[0.91331745, 0.4391192333333334];1618073697.5330737
Curr;0.0;1618073697.5330737
AccX;0.010000000707805;1618073697.535073
AccY;0.080000005662441;1618073697.535073
AccZ;1.0;1618073697.5400538
dPrs;-4.0;1618073697.5410511
Bat1;25.200000762939;1618073697.5410511
Bat2;8.3900003433228;1618073697.549032
Alt;3.6000001430511;1618073697.5501323
GAlt;220.10000610352;1618073697.5521312
GSpd;0.0;1618073697.553128
Hdg;220.17001342773;1618073697.5541258
ch1;-1024.0;1618073697.5551229
ch2;-1024.0;1618073697.5551229
ch3;-1024.0;1618073697.5561206
ch4;-1024.0;1618073697.5571175
RSSI;69.0;1618073697.5571175
Roll;4.0;1618073697.5581148
Ptch;0.0;1618073697.565111
GPS;[0.91331745, 0.4391192333333334];1618073697.5721083
Curr;0.0;1618073697.5730777
AccX;0.010000000707805;1618073697.5780897
AccY;0.080000005662441;1618073697.5830483
AccZ;1.0;1618073697.5840452
dPrs;-4.0;1618073697.5880375
Bat1;25.200000762939;1618073697.5890353
Bat2;8.3900003433228;1618073697.5910585
Alt;3.6000001430511;1618073697.5920238
GAlt;220.10000610352;1618073697.5940185
GSpd;0.0;1618073697.5940185
Hdg;220.17001342773;1618073697.5950162
ch1;-1024.0;1618073697.596013
ch2;-1024.0;1618073697.5970109
ch3;-1024.0;1618073697.5980084
ch4;-1024.0;1618073697.5980084
RSSI;73.0;1618073697.5990052
Roll;4.0;1618073697.600003
Ptch;0.0;1618073697.6069877
GPS;[0.91331745, 0.4391192333333334];1618073697.6139688
Curr;0.0;1618073697.6149657
AccX;0.010000000707805;1618073697.6199498
AccY;0.080000005662441;1618073697.624967
AccZ;1.0;1618073697.624967
dPrs;-4.0;1618073697.6289265
Bat1;25.200000762939;1618073697.6299224
Bat2;8.3900003433228;1618073697.6319177
Alt;3.6000001430511;1618073697.632915
GAlt;220.10000610352;1618073697.6349096
GSpd;0.0;1618073697.6349096
Hdg;220.17001342773;1618073697.6359062
ch1;-1024.0;1618073697.6369038
ch2;-1024.0;1618073697.6379018
ch3;-1024.0;1618073697.6379018
ch4;-1024.0;1618073697.6388984
RSSI;73.0;1618073697.6398995
Roll;4.0;1618073697.640893
Ptch;0.0;1618073697.6478765
GPS;[0.91331745, 0.4391192333333334];1618073697.6558568
Curr;0.0;1618073697.6568515
AccX;0.010000000707805;1618073697.6618373
AccY;0.080000005662441;1618073697.6668243
AccZ;1.0;1618073697.6668243
dPrs;-4.0;1618073697.671811
Bat1;25.200000762939;1618073697.6728086
Bat2;8.3900003433228;1618073697.6738062
Alt;3.6000001430511;1618073697.6748033
GAlt;220.10000610352;1618073697.6767976
GSpd;0.0;1618073697.6767976
Hdg;220.17001342773;1618073697.6777942
ch1;-1024.0;1618073697.678792
ch2;-1024.0;1618073697.6797893
ch3;-1024.0;1618073697.680787
ch4;-1024.0;1618073697.680787
RSSI;73.0;1618073697.6817844
Roll;4.0;1618073697.6827815
Ptch;0.0;1618073697.6897664
GPS;[0.91331745, 0.4391192333333334];1618073697.6987393
Curr;0.0;1618073697.6987393
AccX;0.010000000707805;1618073697.7037256
AccY;0.080000005662441;1618073697.70971
AccZ;1.0;1618073697.70971
dPrs;-4.0;1618073697.7146962
Bat1;25.200000762939;1618073697.7156935
Bat2;8.3900003433228;1618073697.7166905
Alt;3.6000001430511;1618073697.7176883
GAlt;220.10000610352;1618073697.7196832
GSpd;0.0;1618073697.7196832
Hdg;220.17001342773;1618073697.7216778
ch1;-1024.0;1618073697.7216778
ch2;-1024.0;1618073697.722678
ch3;-1024.0;1618073697.7236729
ch4;-1024.0;1618073697.7246726
RSSI;73.0;1618073697.7256694
Roll;4.0;1618073697.7256694
Ptch;0.0;1618073697.7336478
GPS;[0.91331745, 0.4391192333333334];1618073697.7416244
Curr;0.0;1618073697.7416244
AccX;0.010000000707805;1618073697.7476084
AccY;0.080000005662441;1618073697.7515967
AccZ;1.0;1618073697.7525961
dPrs;-15.0;1618073697.7535923
Bat1;25.200000762939;1618073697.7585795
Bat2;8.3900003433228;1618073697.7595763
Alt;3.6000001430511;1618073697.7605731
GAlt;220.10000610352;1618073697.7625682
GSpd;0.0;1618073697.7625682
Hdg;220.17001342773;1618073697.763565
ch1;-1024.0;1618073697.7645643
ch2;-1024.0;1618073697.7655602
ch3;-1024.0;1618073697.7665575
ch4;-1024.0;1618073697.7665575
RSSI;73.0;1618073697.7675545
Roll;4.0;1618073697.7685523
Ptch;0.0;1618073697.7689462
GPS;[0.91331745, 0.4391192333333334];1618073697.782913
Curr;0.0;1618073697.7839124
AccX;0.010000000707805;1618073697.788897
AccY;0.080000005662441;1618073697.793883
AccZ;1.0;1618073697.794883
dPrs;-15.0;1618073697.7988706
Bat1;25.200000762939;1618073697.8008962
Bat2;8.3900003433228;1618073697.8019056
Alt;3.6000001430511;1618073697.8029094
GAlt;220.10000610352;1618073697.8048549
GSpd;0.0;1618073697.8048549
Hdg;220.17001342773;1618073697.8058512
